namespace(num_runs=5, seed=0, optimizer='Adam', epoch=1, batch=4, test_batch=128, val_size=0.0, num_val=2, num_runs_val=3, fix_order=True, plot_sample=False, online=True, buffer_tracker=False, mem_iters=1, error_analysis=False, verbose=False, cuda=True, train_val=False, trick={'labels_trick': False, 'kd_trick': False, 'separated_softmax': False, 'review_trick': False, 'ncm_trick': False, 'kd_trick_star': False}, data='cifar10', num_tasks=5, cl_type='nc', data_name='cifar10_nc', agent='EWC', fisher_update_after=50, alpha=0.9, model_name='EWC')

Setting up data stream
Files already downloaded and verified
Files already downloaded and verified
data setup time: 1.2277495861053467
result/cifar10/nc
Task: 0, Labels:[0, 1]
Task: 1, Labels:[2, 3]
Task: 2, Labels:[4, 5]
Task: 3, Labels:[6, 7]
Task: 4, Labels:[8, 9]
24
{'lambda_': 0, 'learning_rate': 0.0001, 'weight_decay': 0.0001}
-----------tune run 0 task 0-------------
size: (10000, 32, 32, 3), (10000,)
[0.975 0.   ]
-----------tune run 0 task 1-------------
size: (10000, 32, 32, 3), (10000,)
[0.     0.8305]
-----------tune run 0-----------avg_end_acc 0.41525-----------
-----------tune run 1 task 0-------------
size: (10000, 32, 32, 3), (10000,)
[0.9515 0.    ]
-----------tune run 1 task 1-------------
size: (10000, 32, 32, 3), (10000,)
[0.    0.835]
-----------tune run 1-----------avg_end_acc 0.4175-----------
-----------tune run 2 task 0-------------
size: (10000, 32, 32, 3), (10000,)
[0.953 0.   ]
-----------tune run 2 task 1-------------
size: (10000, 32, 32, 3), (10000,)
[0.    0.811]
-----------tune run 2-----------avg_end_acc 0.4055-----------
{'lambda_': 0, 'learning_rate': 0.0001, 'weight_decay': 0.001}
-----------tune run 0 task 0-------------
size: (10000, 32, 32, 3), (10000,)
[0.985 0.   ]
-----------tune run 0 task 1-------------
size: (10000, 32, 32, 3), (10000,)
[0.    0.856]
-----------tune run 0-----------avg_end_acc 0.428-----------
-----------tune run 1 task 0-------------
size: (10000, 32, 32, 3), (10000,)
[0.95 0.  ]
-----------tune run 1 task 1-------------
size: (10000, 32, 32, 3), (10000,)
[0.     0.8315]
-----------tune run 1-----------avg_end_acc 0.41575-----------
-----------tune run 2 task 0-------------
size: (10000, 32, 32, 3), (10000,)
[0.968 0.   ]
-----------tune run 2 task 1-------------
size: (10000, 32, 32, 3), (10000,)
[0.     0.8205]
-----------tune run 2-----------avg_end_acc 0.41025-----------
{'lambda_': 0, 'learning_rate': 0.001, 'weight_decay': 0.0001}
-----------tune run 0 task 0-------------
size: (10000, 32, 32, 3), (10000,)
[0.8175 0.    ]
-----------tune run 0 task 1-------------
size: (10000, 32, 32, 3), (10000,)
[0.    0.669]
-----------tune run 0-----------avg_end_acc 0.3345-----------
-----------tune run 1 task 0-------------
size: (10000, 32, 32, 3), (10000,)
[0.8095 0.    ]
-----------tune run 1 task 1-------------
size: (10000, 32, 32, 3), (10000,)
[0.    0.702]
-----------tune run 1-----------avg_end_acc 0.351-----------
-----------tune run 2 task 0-------------
size: (10000, 32, 32, 3), (10000,)
[0.8075 0.    ]
-----------tune run 2 task 1-------------
size: (10000, 32, 32, 3), (10000,)
[0.     0.6885]
-----------tune run 2-----------avg_end_acc 0.34425-----------
{'lambda_': 0, 'learning_rate': 0.001, 'weight_decay': 0.001}
-----------tune run 0 task 0-------------
size: (10000, 32, 32, 3), (10000,)
[0.7205 0.    ]
-----------tune run 0 task 1-------------
size: (10000, 32, 32, 3), (10000,)
[0.  0.5]
-----------tune run 0-----------avg_end_acc 0.25-----------
-----------tune run 1 task 0-------------
size: (10000, 32, 32, 3), (10000,)
[0.7035 0.    ]
-----------tune run 1 task 1-------------
size: (10000, 32, 32, 3), (10000,)
[0.     0.6545]
-----------tune run 1-----------avg_end_acc 0.32725-----------
-----------tune run 2 task 0-------------
size: (10000, 32, 32, 3), (10000,)
[0.734 0.   ]
-----------tune run 2 task 1-------------
size: (10000, 32, 32, 3), (10000,)
[0.    0.706]
-----------tune run 2-----------avg_end_acc 0.353-----------
{'lambda_': 0, 'learning_rate': 0.01, 'weight_decay': 0.0001}
-----------tune run 0 task 0-------------
size: (10000, 32, 32, 3), (10000,)
[0.5 0. ]
-----------tune run 0 task 1-------------
size: (10000, 32, 32, 3), (10000,)
[0.  0.5]
-----------tune run 0-----------avg_end_acc 0.25-----------
-----------tune run 1 task 0-------------
size: (10000, 32, 32, 3), (10000,)
[0.5 0. ]
-----------tune run 1 task 1-------------
size: (10000, 32, 32, 3), (10000,)
[0.5 0. ]
-----------tune run 1-----------avg_end_acc 0.25-----------
-----------tune run 2 task 0-------------
size: (10000, 32, 32, 3), (10000,)
[0.5 0. ]
-----------tune run 2 task 1-------------
size: (10000, 32, 32, 3), (10000,)
[0.  0.5]
-----------tune run 2-----------avg_end_acc 0.25-----------
{'lambda_': 0, 'learning_rate': 0.01, 'weight_decay': 0.001}
-----------tune run 0 task 0-------------
size: (10000, 32, 32, 3), (10000,)
[0.5 0. ]
-----------tune run 0 task 1-------------
size: (10000, 32, 32, 3), (10000,)
[0.5 0. ]
-----------tune run 0-----------avg_end_acc 0.25-----------
-----------tune run 1 task 0-------------
size: (10000, 32, 32, 3), (10000,)
[0.5 0. ]
-----------tune run 1 task 1-------------
size: (10000, 32, 32, 3), (10000,)
[0.5 0. ]
-----------tune run 1-----------avg_end_acc 0.25-----------
-----------tune run 2 task 0-------------
size: (10000, 32, 32, 3), (10000,)
[0.5055 0.    ]
-----------tune run 2 task 1-------------
size: (10000, 32, 32, 3), (10000,)
[0.5 0. ]
-----------tune run 2-----------avg_end_acc 0.25-----------
{'lambda_': 0, 'learning_rate': 0.1, 'weight_decay': 0.0001}
-----------tune run 0 task 0-------------
size: (10000, 32, 32, 3), (10000,)
[0.5 0. ]
-----------tune run 0 task 1-------------
size: (10000, 32, 32, 3), (10000,)
[0.5 0. ]
-----------tune run 0-----------avg_end_acc 0.25-----------
-----------tune run 1 task 0-------------
size: (10000, 32, 32, 3), (10000,)
[0.5 0. ]
-----------tune run 1 task 1-------------
size: (10000, 32, 32, 3), (10000,)
[0.5 0. ]
-----------tune run 1-----------avg_end_acc 0.25-----------
-----------tune run 2 task 0-------------
size: (10000, 32, 32, 3), (10000,)
[0.518 0.   ]
-----------tune run 2 task 1-------------
size: (10000, 32, 32, 3), (10000,)
[0.5 0. ]
-----------tune run 2-----------avg_end_acc 0.25-----------
{'lambda_': 0, 'learning_rate': 0.1, 'weight_decay': 0.001}
-----------tune run 0 task 0-------------
size: (10000, 32, 32, 3), (10000,)
[0.5 0. ]
-----------tune run 0 task 1-------------
size: (10000, 32, 32, 3), (10000,)
[0.5 0. ]
-----------tune run 0-----------avg_end_acc 0.25-----------
-----------tune run 1 task 0-------------
size: (10000, 32, 32, 3), (10000,)
[0.5 0. ]
-----------tune run 1 task 1-------------
size: (10000, 32, 32, 3), (10000,)
[0.5 0. ]
-----------tune run 1-----------avg_end_acc 0.25-----------
-----------tune run 2 task 0-------------
size: (10000, 32, 32, 3), (10000,)
[0.5 0. ]
-----------tune run 2 task 1-------------
size: (10000, 32, 32, 3), (10000,)
[0.5 0. ]
-----------tune run 2-----------avg_end_acc 0.25-----------
{'lambda_': 100, 'learning_rate': 0.0001, 'weight_decay': 0.0001}
-----------tune run 0 task 0-------------
size: (10000, 32, 32, 3), (10000,)
[0.9445 0.    ]
-----------tune run 0 task 1-------------
size: (10000, 32, 32, 3), (10000,)
[0.    0.879]
-----------tune run 0-----------avg_end_acc 0.4395-----------
-----------tune run 1 task 0-------------
size: (10000, 32, 32, 3), (10000,)
[0.9495 0.    ]
-----------tune run 1 task 1-------------
size: (10000, 32, 32, 3), (10000,)
[0.     0.8845]
-----------tune run 1-----------avg_end_acc 0.44225-----------
-----------tune run 2 task 0-------------
size: (10000, 32, 32, 3), (10000,)
[0.911 0.   ]
-----------tune run 2 task 1-------------
size: (10000, 32, 32, 3), (10000,)
[0.    0.895]
-----------tune run 2-----------avg_end_acc 0.4475-----------
{'lambda_': 100, 'learning_rate': 0.0001, 'weight_decay': 0.001}
-----------tune run 0 task 0-------------
size: (10000, 32, 32, 3), (10000,)
[0.963 0.   ]
-----------tune run 0 task 1-------------
size: (10000, 32, 32, 3), (10000,)
[0.     0.8215]
-----------tune run 0-----------avg_end_acc 0.41075-----------
-----------tune run 1 task 0-------------
size: (10000, 32, 32, 3), (10000,)
[0.9395 0.    ]
-----------tune run 1 task 1-------------
size: (10000, 32, 32, 3), (10000,)
[0.     0.7285]
-----------tune run 1-----------avg_end_acc 0.36425-----------
-----------tune run 2 task 0-------------
size: (10000, 32, 32, 3), (10000,)
[0.9595 0.    ]
-----------tune run 2 task 1-------------
size: (10000, 32, 32, 3), (10000,)
[0.     0.7985]
-----------tune run 2-----------avg_end_acc 0.39925-----------
{'lambda_': 100, 'learning_rate': 0.001, 'weight_decay': 0.0001}
-----------tune run 0 task 0-------------
size: (10000, 32, 32, 3), (10000,)
[0.7435 0.    ]
-----------tune run 0 task 1-------------
size: (10000, 32, 32, 3), (10000,)
[0.    0.601]
-----------tune run 0-----------avg_end_acc 0.3005-----------
-----------tune run 1 task 0-------------
size: (10000, 32, 32, 3), (10000,)
[0.7825 0.    ]
-----------tune run 1 task 1-------------
size: (10000, 32, 32, 3), (10000,)
[0.    0.665]
-----------tune run 1-----------avg_end_acc 0.3325-----------
-----------tune run 2 task 0-------------
size: (10000, 32, 32, 3), (10000,)
[0.77 0.  ]
-----------tune run 2 task 1-------------
size: (10000, 32, 32, 3), (10000,)
[0.     0.6615]
-----------tune run 2-----------avg_end_acc 0.33075-----------
{'lambda_': 100, 'learning_rate': 0.001, 'weight_decay': 0.001}
-----------tune run 0 task 0-------------
size: (10000, 32, 32, 3), (10000,)
[0.735 0.   ]
-----------tune run 0 task 1-------------
size: (10000, 32, 32, 3), (10000,)
[0.     0.5035]
-----------tune run 0-----------avg_end_acc 0.25175-----------
-----------tune run 1 task 0-------------
size: (10000, 32, 32, 3), (10000,)
[0.643 0.   ]
-----------tune run 1 task 1-------------
size: (10000, 32, 32, 3), (10000,)
[0.    0.713]
-----------tune run 1-----------avg_end_acc 0.3565-----------
-----------tune run 2 task 0-------------
size: (10000, 32, 32, 3), (10000,)
[0.627 0.   ]
-----------tune run 2 task 1-------------
size: (10000, 32, 32, 3), (10000,)
[0.  0.5]
-----------tune run 2-----------avg_end_acc 0.25-----------
{'lambda_': 100, 'learning_rate': 0.01, 'weight_decay': 0.0001}
-----------tune run 0 task 0-------------
size: (10000, 32, 32, 3), (10000,)
[0.5 0. ]
-----------tune run 0 task 1-------------
size: (10000, 32, 32, 3), (10000,)
[0.  0.5]
-----------tune run 0-----------avg_end_acc 0.25-----------
-----------tune run 1 task 0-------------
size: (10000, 32, 32, 3), (10000,)
[0.5 0. ]
-----------tune run 1 task 1-------------
size: (10000, 32, 32, 3), (10000,)
[0.5 0. ]
-----------tune run 1-----------avg_end_acc 0.25-----------
-----------tune run 2 task 0-------------
size: (10000, 32, 32, 3), (10000,)
[0.4985 0.    ]
-----------tune run 2 task 1-------------
size: (10000, 32, 32, 3), (10000,)
[0.     0.5675]
-----------tune run 2-----------avg_end_acc 0.28375-----------
{'lambda_': 100, 'learning_rate': 0.01, 'weight_decay': 0.001}
-----------tune run 0 task 0-------------
size: (10000, 32, 32, 3), (10000,)
[0.5 0. ]
-----------tune run 0 task 1-------------
size: (10000, 32, 32, 3), (10000,)
[0.5 0. ]
-----------tune run 0-----------avg_end_acc 0.25-----------
-----------tune run 1 task 0-------------
size: (10000, 32, 32, 3), (10000,)
[0.5 0. ]
-----------tune run 1 task 1-------------
size: (10000, 32, 32, 3), (10000,)
[0.5 0. ]
-----------tune run 1-----------avg_end_acc 0.25-----------
-----------tune run 2 task 0-------------
size: (10000, 32, 32, 3), (10000,)
[0.5 0. ]
-----------tune run 2 task 1-------------
size: (10000, 32, 32, 3), (10000,)
[0.5 0. ]
-----------tune run 2-----------avg_end_acc 0.25-----------
{'lambda_': 100, 'learning_rate': 0.1, 'weight_decay': 0.0001}
-----------tune run 0 task 0-------------
size: (10000, 32, 32, 3), (10000,)
[0.5 0. ]
-----------tune run 0 task 1-------------
size: (10000, 32, 32, 3), (10000,)
[0.5 0. ]
-----------tune run 0-----------avg_end_acc 0.25-----------
-----------tune run 1 task 0-------------
size: (10000, 32, 32, 3), (10000,)
[0.5 0. ]
-----------tune run 1 task 1-------------
size: (10000, 32, 32, 3), (10000,)
[0.5 0. ]
-----------tune run 1-----------avg_end_acc 0.25-----------
-----------tune run 2 task 0-------------
size: (10000, 32, 32, 3), (10000,)
[0.5 0. ]
-----------tune run 2 task 1-------------
size: (10000, 32, 32, 3), (10000,)
[0.5 0. ]
-----------tune run 2-----------avg_end_acc 0.25-----------
{'lambda_': 100, 'learning_rate': 0.1, 'weight_decay': 0.001}
-----------tune run 0 task 0-------------
size: (10000, 32, 32, 3), (10000,)
[0.5 0. ]
-----------tune run 0 task 1-------------
size: (10000, 32, 32, 3), (10000,)
[0.5 0. ]
-----------tune run 0-----------avg_end_acc 0.25-----------
-----------tune run 1 task 0-------------
size: (10000, 32, 32, 3), (10000,)
[0.5 0. ]
-----------tune run 1 task 1-------------
size: (10000, 32, 32, 3), (10000,)
[0.5 0. ]
-----------tune run 1-----------avg_end_acc 0.25-----------
-----------tune run 2 task 0-------------
size: (10000, 32, 32, 3), (10000,)
[0.5 0. ]
-----------tune run 2 task 1-------------
size: (10000, 32, 32, 3), (10000,)
[0.5 0. ]
-----------tune run 2-----------avg_end_acc 0.25-----------
{'lambda_': 1000, 'learning_rate': 0.0001, 'weight_decay': 0.0001}
-----------tune run 0 task 0-------------
size: (10000, 32, 32, 3), (10000,)
[0.857 0.   ]
-----------tune run 0 task 1-------------
size: (10000, 32, 32, 3), (10000,)
[0.  0.8]
-----------tune run 0-----------avg_end_acc 0.4-----------
-----------tune run 1 task 0-------------
size: (10000, 32, 32, 3), (10000,)
[0.962 0.   ]
-----------tune run 1 task 1-------------
size: (10000, 32, 32, 3), (10000,)
[0.   0.86]
-----------tune run 1-----------avg_end_acc 0.43-----------
-----------tune run 2 task 0-------------
size: (10000, 32, 32, 3), (10000,)
[0.8495 0.    ]
-----------tune run 2 task 1-------------
size: (10000, 32, 32, 3), (10000,)
[0.     0.8245]
-----------tune run 2-----------avg_end_acc 0.41225-----------
{'lambda_': 1000, 'learning_rate': 0.0001, 'weight_decay': 0.001}
-----------tune run 0 task 0-------------
size: (10000, 32, 32, 3), (10000,)
[0.9195 0.    ]
-----------tune run 0 task 1-------------
size: (10000, 32, 32, 3), (10000,)
[0.     0.7945]
-----------tune run 0-----------avg_end_acc 0.39725-----------
-----------tune run 1 task 0-------------
size: (10000, 32, 32, 3), (10000,)
[0.953 0.   ]
-----------tune run 1 task 1-------------
size: (10000, 32, 32, 3), (10000,)
[0.    0.819]
-----------tune run 1-----------avg_end_acc 0.4095-----------
-----------tune run 2 task 0-------------
size: (10000, 32, 32, 3), (10000,)
[0.95 0.  ]
-----------tune run 2 task 1-------------
size: (10000, 32, 32, 3), (10000,)
[0.    0.752]
-----------tune run 2-----------avg_end_acc 0.376-----------
{'lambda_': 1000, 'learning_rate': 0.001, 'weight_decay': 0.0001}
-----------tune run 0 task 0-------------
size: (10000, 32, 32, 3), (10000,)
[0.74 0.  ]
-----------tune run 0 task 1-------------
size: (10000, 32, 32, 3), (10000,)
[0.    0.683]
-----------tune run 0-----------avg_end_acc 0.3415-----------
-----------tune run 1 task 0-------------
size: (10000, 32, 32, 3), (10000,)
[0.7905 0.    ]
-----------tune run 1 task 1-------------
size: (10000, 32, 32, 3), (10000,)
[0.    0.689]
-----------tune run 1-----------avg_end_acc 0.3445-----------
-----------tune run 2 task 0-------------
size: (10000, 32, 32, 3), (10000,)
[0.6335 0.    ]
-----------tune run 2 task 1-------------
size: (10000, 32, 32, 3), (10000,)
[0.     0.6805]
-----------tune run 2-----------avg_end_acc 0.34025-----------
{'lambda_': 1000, 'learning_rate': 0.001, 'weight_decay': 0.001}
-----------tune run 0 task 0-------------
size: (10000, 32, 32, 3), (10000,)
[0.7685 0.    ]
-----------tune run 0 task 1-------------
size: (10000, 32, 32, 3), (10000,)
[0.    0.629]
-----------tune run 0-----------avg_end_acc 0.3145-----------
-----------tune run 1 task 0-------------
size: (10000, 32, 32, 3), (10000,)
[0.7855 0.    ]
-----------tune run 1 task 1-------------
size: (10000, 32, 32, 3), (10000,)
[0.     0.6535]
-----------tune run 1-----------avg_end_acc 0.32675-----------
-----------tune run 2 task 0-------------
size: (10000, 32, 32, 3), (10000,)
[0.752 0.   ]
-----------tune run 2 task 1-------------
size: (10000, 32, 32, 3), (10000,)
[0.     0.6635]
-----------tune run 2-----------avg_end_acc 0.33175-----------
{'lambda_': 1000, 'learning_rate': 0.01, 'weight_decay': 0.0001}
-----------tune run 0 task 0-------------
size: (10000, 32, 32, 3), (10000,)
[0.5 0. ]
-----------tune run 0 task 1-------------
size: (10000, 32, 32, 3), (10000,)
[0.  0.5]
-----------tune run 0-----------avg_end_acc 0.25-----------
-----------tune run 1 task 0-------------
size: (10000, 32, 32, 3), (10000,)
[0.5 0. ]
-----------tune run 1 task 1-------------
size: (10000, 32, 32, 3), (10000,)
[0.    0.502]
-----------tune run 1-----------avg_end_acc 0.251-----------
-----------tune run 2 task 0-------------
size: (10000, 32, 32, 3), (10000,)
[0.5845 0.    ]
-----------tune run 2 task 1-------------
size: (10000, 32, 32, 3), (10000,)
[0.  0.5]
-----------tune run 2-----------avg_end_acc 0.25-----------
{'lambda_': 1000, 'learning_rate': 0.01, 'weight_decay': 0.001}
-----------tune run 0 task 0-------------
size: (10000, 32, 32, 3), (10000,)
[0.5 0. ]
-----------tune run 0 task 1-------------
size: (10000, 32, 32, 3), (10000,)
[0.5 0. ]
-----------tune run 0-----------avg_end_acc 0.25-----------
-----------tune run 1 task 0-------------
size: (10000, 32, 32, 3), (10000,)
[0.5 0. ]
-----------tune run 1 task 1-------------
size: (10000, 32, 32, 3), (10000,)
[0.5 0. ]
-----------tune run 1-----------avg_end_acc 0.25-----------
-----------tune run 2 task 0-------------
size: (10000, 32, 32, 3), (10000,)
[0.5 0. ]
-----------tune run 2 task 1-------------
size: (10000, 32, 32, 3), (10000,)
[0.5 0. ]
-----------tune run 2-----------avg_end_acc 0.25-----------
{'lambda_': 1000, 'learning_rate': 0.1, 'weight_decay': 0.0001}
-----------tune run 0 task 0-------------
size: (10000, 32, 32, 3), (10000,)
[0.5 0. ]
-----------tune run 0 task 1-------------
size: (10000, 32, 32, 3), (10000,)
[0.5 0. ]
-----------tune run 0-----------avg_end_acc 0.25-----------
-----------tune run 1 task 0-------------
size: (10000, 32, 32, 3), (10000,)
[0.5 0. ]
-----------tune run 1 task 1-------------
size: (10000, 32, 32, 3), (10000,)
[0.5 0. ]
-----------tune run 1-----------avg_end_acc 0.25-----------
-----------tune run 2 task 0-------------
size: (10000, 32, 32, 3), (10000,)
[0.5 0. ]
-----------tune run 2 task 1-------------
size: (10000, 32, 32, 3), (10000,)
[0.5 0. ]
-----------tune run 2-----------avg_end_acc 0.25-----------
{'lambda_': 1000, 'learning_rate': 0.1, 'weight_decay': 0.001}
-----------tune run 0 task 0-------------
size: (10000, 32, 32, 3), (10000,)
[0.5 0. ]
-----------tune run 0 task 1-------------
size: (10000, 32, 32, 3), (10000,)
[0.5 0. ]
-----------tune run 0-----------avg_end_acc 0.25-----------
-----------tune run 1 task 0-------------
size: (10000, 32, 32, 3), (10000,)
[0.5 0. ]
-----------tune run 1 task 1-------------
size: (10000, 32, 32, 3), (10000,)
[0.5 0. ]
-----------tune run 1-----------avg_end_acc 0.25-----------
-----------tune run 2 task 0-------------
size: (10000, 32, 32, 3), (10000,)
[0.5 0. ]
-----------tune run 2 task 1-------------
size: (10000, 32, 32, 3), (10000,)
[0.5 0. ]
-----------tune run 2-----------avg_end_acc 0.25-----------
Tuning is done. Best hyper parameter set is {'lambda_': 100, 'learning_rate': 0.0001, 'weight_decay': 0.0001}
Training Start
----------run 0 training batch 2-------------
size: (10000, 32, 32, 3), (10000,)
[0.928 0.    0.   ]
----------run 0 training batch 3-------------
size: (10000, 32, 32, 3), (10000,)
[0.     0.9435 0.    ]
----------run 0 training batch 4-------------
size: (10000, 32, 32, 3), (10000,)
[0.    0.    0.959]
-----------run 0-----------avg_end_acc 0.31966666666666665-----------train time 26804.645280838013
Task: 0, Labels:[0, 1]
Task: 1, Labels:[2, 3]
Task: 2, Labels:[4, 5]
Task: 3, Labels:[6, 7]
Task: 4, Labels:[8, 9]
24
{'lambda_': 0, 'learning_rate': 0.0001, 'weight_decay': 0.0001}
-----------tune run 0 task 0-------------
size: (10000, 32, 32, 3), (10000,)
[0.981 0.   ]
-----------tune run 0 task 1-------------
size: (10000, 32, 32, 3), (10000,)
[0.     0.8935]
-----------tune run 0-----------avg_end_acc 0.44675-----------
-----------tune run 1 task 0-------------
size: (10000, 32, 32, 3), (10000,)
[0.949 0.   ]
-----------tune run 1 task 1-------------
size: (10000, 32, 32, 3), (10000,)
[0.    0.782]
-----------tune run 1-----------avg_end_acc 0.391-----------
-----------tune run 2 task 0-------------
size: (10000, 32, 32, 3), (10000,)
[0.953 0.   ]
-----------tune run 2 task 1-------------
size: (10000, 32, 32, 3), (10000,)
[0.    0.866]
-----------tune run 2-----------avg_end_acc 0.433-----------
{'lambda_': 0, 'learning_rate': 0.0001, 'weight_decay': 0.001}
-----------tune run 0 task 0-------------
size: (10000, 32, 32, 3), (10000,)
[0.9705 0.    ]
-----------tune run 0 task 1-------------
size: (10000, 32, 32, 3), (10000,)
[0.    0.859]
-----------tune run 0-----------avg_end_acc 0.4295-----------
-----------tune run 1 task 0-------------
size: (10000, 32, 32, 3), (10000,)
[0.885 0.   ]
-----------tune run 1 task 1-------------
size: (10000, 32, 32, 3), (10000,)
[0.    0.821]
-----------tune run 1-----------avg_end_acc 0.4105-----------
-----------tune run 2 task 0-------------
size: (10000, 32, 32, 3), (10000,)
[0.972 0.   ]
-----------tune run 2 task 1-------------
size: (10000, 32, 32, 3), (10000,)
[0.     0.8495]
-----------tune run 2-----------avg_end_acc 0.42475-----------
{'lambda_': 0, 'learning_rate': 0.001, 'weight_decay': 0.0001}
-----------tune run 0 task 0-------------
size: (10000, 32, 32, 3), (10000,)
[0.778 0.   ]
-----------tune run 0 task 1-------------
size: (10000, 32, 32, 3), (10000,)
[0.     0.6955]
-----------tune run 0-----------avg_end_acc 0.34775-----------
-----------tune run 1 task 0-------------
size: (10000, 32, 32, 3), (10000,)
[0.793 0.   ]
-----------tune run 1 task 1-------------
size: (10000, 32, 32, 3), (10000,)
[0.    0.505]
-----------tune run 1-----------avg_end_acc 0.2525-----------
-----------tune run 2 task 0-------------
size: (10000, 32, 32, 3), (10000,)
[0.788 0.   ]
-----------tune run 2 task 1-------------
size: (10000, 32, 32, 3), (10000,)
[0.    0.651]
-----------tune run 2-----------avg_end_acc 0.3255-----------
{'lambda_': 0, 'learning_rate': 0.001, 'weight_decay': 0.001}
-----------tune run 0 task 0-------------
size: (10000, 32, 32, 3), (10000,)
[0.5 0. ]
-----------tune run 0 task 1-------------
size: (10000, 32, 32, 3), (10000,)
[0.  0.5]
-----------tune run 0-----------avg_end_acc 0.25-----------
-----------tune run 1 task 0-------------
size: (10000, 32, 32, 3), (10000,)
[0.7775 0.    ]
-----------tune run 1 task 1-------------
size: (10000, 32, 32, 3), (10000,)
[0.  0.5]
-----------tune run 1-----------avg_end_acc 0.25-----------
-----------tune run 2 task 0-------------
size: (10000, 32, 32, 3), (10000,)
[0.7535 0.    ]
-----------tune run 2 task 1-------------
size: (10000, 32, 32, 3), (10000,)
[0.     0.6555]
-----------tune run 2-----------avg_end_acc 0.32775-----------
{'lambda_': 0, 'learning_rate': 0.01, 'weight_decay': 0.0001}
-----------tune run 0 task 0-------------
size: (10000, 32, 32, 3), (10000,)
[0.6175 0.    ]
-----------tune run 0 task 1-------------
size: (10000, 32, 32, 3), (10000,)
[0.  0.5]
-----------tune run 0-----------avg_end_acc 0.25-----------
-----------tune run 1 task 0-------------
size: (10000, 32, 32, 3), (10000,)
[0.5 0. ]
-----------tune run 1 task 1-------------
size: (10000, 32, 32, 3), (10000,)
[0.  0.5]
-----------tune run 1-----------avg_end_acc 0.25-----------
-----------tune run 2 task 0-------------
size: (10000, 32, 32, 3), (10000,)
[0.5 0. ]
-----------tune run 2 task 1-------------
size: (10000, 32, 32, 3), (10000,)
[0.5 0. ]
-----------tune run 2-----------avg_end_acc 0.25-----------
{'lambda_': 0, 'learning_rate': 0.01, 'weight_decay': 0.001}
-----------tune run 0 task 0-------------
size: (10000, 32, 32, 3), (10000,)
[0.5 0. ]
-----------tune run 0 task 1-------------
size: (10000, 32, 32, 3), (10000,)
[0.5 0. ]
-----------tune run 0-----------avg_end_acc 0.25-----------
-----------tune run 1 task 0-------------
size: (10000, 32, 32, 3), (10000,)
[0.5 0. ]
-----------tune run 1 task 1-------------
size: (10000, 32, 32, 3), (10000,)
[0.5 0. ]
-----------tune run 1-----------avg_end_acc 0.25-----------
-----------tune run 2 task 0-------------
size: (10000, 32, 32, 3), (10000,)
[0.5 0. ]
-----------tune run 2 task 1-------------
size: (10000, 32, 32, 3), (10000,)
[0.5 0. ]
-----------tune run 2-----------avg_end_acc 0.25-----------
{'lambda_': 0, 'learning_rate': 0.1, 'weight_decay': 0.0001}
-----------tune run 0 task 0-------------
size: (10000, 32, 32, 3), (10000,)
[0.505 0.   ]
-----------tune run 0 task 1-------------
size: (10000, 32, 32, 3), (10000,)
[0.5 0. ]
-----------tune run 0-----------avg_end_acc 0.25-----------
-----------tune run 1 task 0-------------
size: (10000, 32, 32, 3), (10000,)
[0.5 0. ]
-----------tune run 1 task 1-------------
size: (10000, 32, 32, 3), (10000,)
[0.5 0. ]
-----------tune run 1-----------avg_end_acc 0.25-----------
-----------tune run 2 task 0-------------
size: (10000, 32, 32, 3), (10000,)
[0.5 0. ]
-----------tune run 2 task 1-------------
size: (10000, 32, 32, 3), (10000,)
[0.5 0. ]
-----------tune run 2-----------avg_end_acc 0.25-----------
{'lambda_': 0, 'learning_rate': 0.1, 'weight_decay': 0.001}
-----------tune run 0 task 0-------------
size: (10000, 32, 32, 3), (10000,)
[0.5 0. ]
-----------tune run 0 task 1-------------
size: (10000, 32, 32, 3), (10000,)
[0.5 0. ]
-----------tune run 0-----------avg_end_acc 0.25-----------
-----------tune run 1 task 0-------------
size: (10000, 32, 32, 3), (10000,)
[0.5 0. ]
-----------tune run 1 task 1-------------
size: (10000, 32, 32, 3), (10000,)
[0.5 0. ]
-----------tune run 1-----------avg_end_acc 0.25-----------
-----------tune run 2 task 0-------------
size: (10000, 32, 32, 3), (10000,)
[0.5 0. ]
-----------tune run 2 task 1-------------
size: (10000, 32, 32, 3), (10000,)
[0.5 0. ]
-----------tune run 2-----------avg_end_acc 0.25-----------
{'lambda_': 100, 'learning_rate': 0.0001, 'weight_decay': 0.0001}
-----------tune run 0 task 0-------------
size: (10000, 32, 32, 3), (10000,)
[0.978 0.   ]
-----------tune run 0 task 1-------------
size: (10000, 32, 32, 3), (10000,)
[0.    0.864]
-----------tune run 0-----------avg_end_acc 0.432-----------
-----------tune run 1 task 0-------------
size: (10000, 32, 32, 3), (10000,)
[0.9515 0.    ]
-----------tune run 1 task 1-------------
size: (10000, 32, 32, 3), (10000,)
[0.   0.76]
-----------tune run 1-----------avg_end_acc 0.38-----------
-----------tune run 2 task 0-------------
size: (10000, 32, 32, 3), (10000,)
[0.892 0.   ]
-----------tune run 2 task 1-------------
size: (10000, 32, 32, 3), (10000,)
[0.    0.782]
-----------tune run 2-----------avg_end_acc 0.391-----------
{'lambda_': 100, 'learning_rate': 0.0001, 'weight_decay': 0.001}
-----------tune run 0 task 0-------------
size: (10000, 32, 32, 3), (10000,)
[0.9425 0.    ]
-----------tune run 0 task 1-------------
size: (10000, 32, 32, 3), (10000,)
[0.     0.8725]
-----------tune run 0-----------avg_end_acc 0.43625-----------
-----------tune run 1 task 0-------------
size: (10000, 32, 32, 3), (10000,)
[0.9455 0.    ]
-----------tune run 1 task 1-------------
size: (10000, 32, 32, 3), (10000,)
[0.     0.8325]
-----------tune run 1-----------avg_end_acc 0.41625-----------
-----------tune run 2 task 0-------------
size: (10000, 32, 32, 3), (10000,)
[0.9705 0.    ]
-----------tune run 2 task 1-------------
size: (10000, 32, 32, 3), (10000,)
[0.    0.863]
-----------tune run 2-----------avg_end_acc 0.4315-----------
{'lambda_': 100, 'learning_rate': 0.001, 'weight_decay': 0.0001}
-----------tune run 0 task 0-------------
size: (10000, 32, 32, 3), (10000,)
[0.794 0.   ]
-----------tune run 0 task 1-------------
size: (10000, 32, 32, 3), (10000,)
[0.    0.695]
-----------tune run 0-----------avg_end_acc 0.3475-----------
-----------tune run 1 task 0-------------
size: (10000, 32, 32, 3), (10000,)
[0.796 0.   ]
-----------tune run 1 task 1-------------
size: (10000, 32, 32, 3), (10000,)
[0.     0.7075]
-----------tune run 1-----------avg_end_acc 0.35375-----------
-----------tune run 2 task 0-------------
size: (10000, 32, 32, 3), (10000,)
[0.717 0.   ]
-----------tune run 2 task 1-------------
size: (10000, 32, 32, 3), (10000,)
[5.000e-04 6.885e-01]
-----------tune run 2-----------avg_end_acc 0.3445-----------
{'lambda_': 100, 'learning_rate': 0.001, 'weight_decay': 0.001}
-----------tune run 0 task 0-------------
size: (10000, 32, 32, 3), (10000,)
[0.5 0. ]
-----------tune run 0 task 1-------------
size: (10000, 32, 32, 3), (10000,)
[0.  0.5]
-----------tune run 0-----------avg_end_acc 0.25-----------
-----------tune run 1 task 0-------------
size: (10000, 32, 32, 3), (10000,)
[0.724 0.   ]
-----------tune run 1 task 1-------------
size: (10000, 32, 32, 3), (10000,)
[0.     0.6865]
-----------tune run 1-----------avg_end_acc 0.34325-----------
-----------tune run 2 task 0-------------
size: (10000, 32, 32, 3), (10000,)
[0.5 0. ]
-----------tune run 2 task 1-------------
size: (10000, 32, 32, 3), (10000,)
[0.    0.683]
-----------tune run 2-----------avg_end_acc 0.3415-----------
{'lambda_': 100, 'learning_rate': 0.01, 'weight_decay': 0.0001}
-----------tune run 0 task 0-------------
size: (10000, 32, 32, 3), (10000,)
[0.5 0. ]
-----------tune run 0 task 1-------------
size: (10000, 32, 32, 3), (10000,)
[0.     0.5055]
-----------tune run 0-----------avg_end_acc 0.25275-----------
-----------tune run 1 task 0-------------
size: (10000, 32, 32, 3), (10000,)
[0.5 0. ]
-----------tune run 1 task 1-------------
size: (10000, 32, 32, 3), (10000,)
[0.5 0. ]
-----------tune run 1-----------avg_end_acc 0.25-----------
-----------tune run 2 task 0-------------
size: (10000, 32, 32, 3), (10000,)
[0.5 0. ]
-----------tune run 2 task 1-------------
size: (10000, 32, 32, 3), (10000,)
[0.    0.483]
-----------tune run 2-----------avg_end_acc 0.2415-----------
{'lambda_': 100, 'learning_rate': 0.01, 'weight_decay': 0.001}
-----------tune run 0 task 0-------------
size: (10000, 32, 32, 3), (10000,)
[0.5 0. ]
-----------tune run 0 task 1-------------
size: (10000, 32, 32, 3), (10000,)
[0.5 0. ]
-----------tune run 0-----------avg_end_acc 0.25-----------
-----------tune run 1 task 0-------------
size: (10000, 32, 32, 3), (10000,)
[0.5 0. ]
-----------tune run 1 task 1-------------
size: (10000, 32, 32, 3), (10000,)
[0.5 0. ]
-----------tune run 1-----------avg_end_acc 0.25-----------
-----------tune run 2 task 0-------------
size: (10000, 32, 32, 3), (10000,)
[0.5 0. ]
-----------tune run 2 task 1-------------
size: (10000, 32, 32, 3), (10000,)
[0.5 0. ]
-----------tune run 2-----------avg_end_acc 0.25-----------
{'lambda_': 100, 'learning_rate': 0.1, 'weight_decay': 0.0001}
-----------tune run 0 task 0-------------
size: (10000, 32, 32, 3), (10000,)
[0.5 0. ]
-----------tune run 0 task 1-------------
size: (10000, 32, 32, 3), (10000,)
[0.5 0. ]
-----------tune run 0-----------avg_end_acc 0.25-----------
-----------tune run 1 task 0-------------
size: (10000, 32, 32, 3), (10000,)
[0.497 0.   ]
-----------tune run 1 task 1-------------
size: (10000, 32, 32, 3), (10000,)
[0.5 0. ]
-----------tune run 1-----------avg_end_acc 0.25-----------
-----------tune run 2 task 0-------------
size: (10000, 32, 32, 3), (10000,)
[0.4995 0.    ]
-----------tune run 2 task 1-------------
size: (10000, 32, 32, 3), (10000,)
[0.5 0. ]
-----------tune run 2-----------avg_end_acc 0.25-----------
{'lambda_': 100, 'learning_rate': 0.1, 'weight_decay': 0.001}
-----------tune run 0 task 0-------------
size: (10000, 32, 32, 3), (10000,)
[0.5 0. ]
-----------tune run 0 task 1-------------
size: (10000, 32, 32, 3), (10000,)
[0.5 0. ]
-----------tune run 0-----------avg_end_acc 0.25-----------
-----------tune run 1 task 0-------------
size: (10000, 32, 32, 3), (10000,)
[0.5 0. ]
-----------tune run 1 task 1-------------
size: (10000, 32, 32, 3), (10000,)
[0.5 0. ]
-----------tune run 1-----------avg_end_acc 0.25-----------
-----------tune run 2 task 0-------------
size: (10000, 32, 32, 3), (10000,)
[0.5 0. ]
-----------tune run 2 task 1-------------
size: (10000, 32, 32, 3), (10000,)
[0.5 0. ]
-----------tune run 2-----------avg_end_acc 0.25-----------
{'lambda_': 1000, 'learning_rate': 0.0001, 'weight_decay': 0.0001}
-----------tune run 0 task 0-------------
size: (10000, 32, 32, 3), (10000,)
[0.95 0.  ]
-----------tune run 0 task 1-------------
size: (10000, 32, 32, 3), (10000,)
[0.    0.881]
-----------tune run 0-----------avg_end_acc 0.4405-----------
-----------tune run 1 task 0-------------
size: (10000, 32, 32, 3), (10000,)
[0.9285 0.    ]
-----------tune run 1 task 1-------------
size: (10000, 32, 32, 3), (10000,)
[0.     0.8855]
-----------tune run 1-----------avg_end_acc 0.44275-----------
-----------tune run 2 task 0-------------
size: (10000, 32, 32, 3), (10000,)
[0.9695 0.    ]
-----------tune run 2 task 1-------------
size: (10000, 32, 32, 3), (10000,)
[0.    0.892]
-----------tune run 2-----------avg_end_acc 0.446-----------
{'lambda_': 1000, 'learning_rate': 0.0001, 'weight_decay': 0.001}
-----------tune run 0 task 0-------------
size: (10000, 32, 32, 3), (10000,)
[0.974 0.   ]
-----------tune run 0 task 1-------------
size: (10000, 32, 32, 3), (10000,)
[0.     0.7855]
-----------tune run 0-----------avg_end_acc 0.39275-----------
-----------tune run 1 task 0-------------
size: (10000, 32, 32, 3), (10000,)
[0.972 0.   ]
-----------tune run 1 task 1-------------
size: (10000, 32, 32, 3), (10000,)
[0.     0.8575]
-----------tune run 1-----------avg_end_acc 0.42875-----------
-----------tune run 2 task 0-------------
size: (10000, 32, 32, 3), (10000,)
[0.9735 0.    ]
-----------tune run 2 task 1-------------
size: (10000, 32, 32, 3), (10000,)
[0.     0.8395]
-----------tune run 2-----------avg_end_acc 0.41975-----------
{'lambda_': 1000, 'learning_rate': 0.001, 'weight_decay': 0.0001}
-----------tune run 0 task 0-------------
size: (10000, 32, 32, 3), (10000,)
[0.7515 0.    ]
-----------tune run 0 task 1-------------
size: (10000, 32, 32, 3), (10000,)
[0.     0.6815]
-----------tune run 0-----------avg_end_acc 0.34075-----------
-----------tune run 1 task 0-------------
size: (10000, 32, 32, 3), (10000,)
[0.6265 0.    ]
-----------tune run 1 task 1-------------
size: (10000, 32, 32, 3), (10000,)
[0.     0.5835]
-----------tune run 1-----------avg_end_acc 0.29175-----------
-----------tune run 2 task 0-------------
size: (10000, 32, 32, 3), (10000,)
[0.772 0.   ]
-----------tune run 2 task 1-------------
size: (10000, 32, 32, 3), (10000,)
[0.     0.6715]
-----------tune run 2-----------avg_end_acc 0.33575-----------
{'lambda_': 1000, 'learning_rate': 0.001, 'weight_decay': 0.001}
-----------tune run 0 task 0-------------
size: (10000, 32, 32, 3), (10000,)
[0.779 0.   ]
-----------tune run 0 task 1-------------
size: (10000, 32, 32, 3), (10000,)
[0.     0.6665]
-----------tune run 0-----------avg_end_acc 0.33325-----------
-----------tune run 1 task 0-------------
size: (10000, 32, 32, 3), (10000,)
[0.7445 0.    ]
-----------tune run 1 task 1-------------
size: (10000, 32, 32, 3), (10000,)
[0.     0.6625]
-----------tune run 1-----------avg_end_acc 0.33125-----------
-----------tune run 2 task 0-------------
size: (10000, 32, 32, 3), (10000,)
[0.6035 0.    ]
-----------tune run 2 task 1-------------
size: (10000, 32, 32, 3), (10000,)
[0.     0.6665]
-----------tune run 2-----------avg_end_acc 0.33325-----------
{'lambda_': 1000, 'learning_rate': 0.01, 'weight_decay': 0.0001}
-----------tune run 0 task 0-------------
size: (10000, 32, 32, 3), (10000,)
[0.5 0. ]
-----------tune run 0 task 1-------------
size: (10000, 32, 32, 3), (10000,)
[0.     0.4995]
-----------tune run 0-----------avg_end_acc 0.24975-----------
-----------tune run 1 task 0-------------
size: (10000, 32, 32, 3), (10000,)
[0.5 0. ]
-----------tune run 1 task 1-------------
size: (10000, 32, 32, 3), (10000,)
[0.  0.5]
-----------tune run 1-----------avg_end_acc 0.25-----------
-----------tune run 2 task 0-------------
size: (10000, 32, 32, 3), (10000,)
[0.5 0. ]
-----------tune run 2 task 1-------------
size: (10000, 32, 32, 3), (10000,)
[0.     0.5205]
-----------tune run 2-----------avg_end_acc 0.26025-----------
{'lambda_': 1000, 'learning_rate': 0.01, 'weight_decay': 0.001}
-----------tune run 0 task 0-------------
size: (10000, 32, 32, 3), (10000,)
[0.5 0. ]
-----------tune run 0 task 1-------------
size: (10000, 32, 32, 3), (10000,)
[0.5 0. ]
-----------tune run 0-----------avg_end_acc 0.25-----------
-----------tune run 1 task 0-------------
size: (10000, 32, 32, 3), (10000,)
[0.5 0. ]
-----------tune run 1 task 1-------------
size: (10000, 32, 32, 3), (10000,)
[0.5 0. ]
-----------tune run 1-----------avg_end_acc 0.25-----------
-----------tune run 2 task 0-------------
size: (10000, 32, 32, 3), (10000,)
[0.5 0. ]
-----------tune run 2 task 1-------------
size: (10000, 32, 32, 3), (10000,)
[0.5 0. ]
-----------tune run 2-----------avg_end_acc 0.25-----------
{'lambda_': 1000, 'learning_rate': 0.1, 'weight_decay': 0.0001}
-----------tune run 0 task 0-------------
size: (10000, 32, 32, 3), (10000,)
[0.495 0.   ]
-----------tune run 0 task 1-------------
size: (10000, 32, 32, 3), (10000,)
[0.5 0. ]
-----------tune run 0-----------avg_end_acc 0.25-----------
-----------tune run 1 task 0-------------
size: (10000, 32, 32, 3), (10000,)
[0.4945 0.    ]
-----------tune run 1 task 1-------------
size: (10000, 32, 32, 3), (10000,)
[0.5 0. ]
-----------tune run 1-----------avg_end_acc 0.25-----------
-----------tune run 2 task 0-------------
size: (10000, 32, 32, 3), (10000,)
[0.5 0. ]
-----------tune run 2 task 1-------------
size: (10000, 32, 32, 3), (10000,)
[0.5 0. ]
-----------tune run 2-----------avg_end_acc 0.25-----------
{'lambda_': 1000, 'learning_rate': 0.1, 'weight_decay': 0.001}
-----------tune run 0 task 0-------------
size: (10000, 32, 32, 3), (10000,)
[0.5 0. ]
-----------tune run 0 task 1-------------
size: (10000, 32, 32, 3), (10000,)
[0.5 0. ]
-----------tune run 0-----------avg_end_acc 0.25-----------
-----------tune run 1 task 0-------------
size: (10000, 32, 32, 3), (10000,)
[0.5 0. ]
-----------tune run 1 task 1-------------
size: (10000, 32, 32, 3), (10000,)
[0.5 0. ]
-----------tune run 1-----------avg_end_acc 0.25-----------
-----------tune run 2 task 0-------------
size: (10000, 32, 32, 3), (10000,)
[0.5 0. ]
-----------tune run 2 task 1-------------
size: (10000, 32, 32, 3), (10000,)
[0.5 0. ]
-----------tune run 2-----------avg_end_acc 0.25-----------
Tuning is done. Best hyper parameter set is {'lambda_': 1000, 'learning_rate': 0.0001, 'weight_decay': 0.0001}
Training Start
----------run 1 training batch 2-------------
size: (10000, 32, 32, 3), (10000,)
[0.8475 0.     0.    ]
----------run 1 training batch 3-------------
size: (10000, 32, 32, 3), (10000,)
[0.   0.91 0.  ]
----------run 1 training batch 4-------------
size: (10000, 32, 32, 3), (10000,)
[0.    0.    0.918]
-----------run 1-----------avg_end_acc 0.306-----------train time 37485.05008196831
Task: 0, Labels:[0, 1]
Task: 1, Labels:[2, 3]
Task: 2, Labels:[4, 5]
Task: 3, Labels:[6, 7]
Task: 4, Labels:[8, 9]
24
{'lambda_': 0, 'learning_rate': 0.0001, 'weight_decay': 0.0001}
-----------tune run 0 task 0-------------
size: (10000, 32, 32, 3), (10000,)
[0.845 0.   ]
-----------tune run 0 task 1-------------
size: (10000, 32, 32, 3), (10000,)
[0.     0.7955]
-----------tune run 0-----------avg_end_acc 0.39775-----------
-----------tune run 1 task 0-------------
size: (10000, 32, 32, 3), (10000,)
[0.9045 0.    ]
-----------tune run 1 task 1-------------
size: (10000, 32, 32, 3), (10000,)
[0.    0.805]
-----------tune run 1-----------avg_end_acc 0.4025-----------
-----------tune run 2 task 0-------------
size: (10000, 32, 32, 3), (10000,)
[0.9385 0.    ]
-----------tune run 2 task 1-------------
size: (10000, 32, 32, 3), (10000,)
[0.    0.837]
-----------tune run 2-----------avg_end_acc 0.4185-----------
{'lambda_': 0, 'learning_rate': 0.0001, 'weight_decay': 0.001}
-----------tune run 0 task 0-------------
size: (10000, 32, 32, 3), (10000,)
[0.9305 0.    ]
-----------tune run 0 task 1-------------
size: (10000, 32, 32, 3), (10000,)
[0.    0.771]
-----------tune run 0-----------avg_end_acc 0.3855-----------
-----------tune run 1 task 0-------------
size: (10000, 32, 32, 3), (10000,)
[0.9735 0.    ]
-----------tune run 1 task 1-------------
size: (10000, 32, 32, 3), (10000,)
[0.    0.837]
-----------tune run 1-----------avg_end_acc 0.4185-----------
-----------tune run 2 task 0-------------
size: (10000, 32, 32, 3), (10000,)
[0.9715 0.    ]
-----------tune run 2 task 1-------------
size: (10000, 32, 32, 3), (10000,)
[0.    0.832]
-----------tune run 2-----------avg_end_acc 0.416-----------
{'lambda_': 0, 'learning_rate': 0.001, 'weight_decay': 0.0001}
-----------tune run 0 task 0-------------
size: (10000, 32, 32, 3), (10000,)
[0.6925 0.    ]
-----------tune run 0 task 1-------------
size: (10000, 32, 32, 3), (10000,)
[0.     0.6285]
-----------tune run 0-----------avg_end_acc 0.31425-----------
-----------tune run 1 task 0-------------
size: (10000, 32, 32, 3), (10000,)
[0.7815 0.    ]
-----------tune run 1 task 1-------------
size: (10000, 32, 32, 3), (10000,)
[0.   0.68]
-----------tune run 1-----------avg_end_acc 0.34-----------
-----------tune run 2 task 0-------------
size: (10000, 32, 32, 3), (10000,)
[0.8095 0.    ]
-----------tune run 2 task 1-------------
size: (10000, 32, 32, 3), (10000,)
[0.    0.706]
-----------tune run 2-----------avg_end_acc 0.353-----------
{'lambda_': 0, 'learning_rate': 0.001, 'weight_decay': 0.001}
-----------tune run 0 task 0-------------
size: (10000, 32, 32, 3), (10000,)
[0.5025 0.    ]
-----------tune run 0 task 1-------------
size: (10000, 32, 32, 3), (10000,)
[0.     0.6805]
-----------tune run 0-----------avg_end_acc 0.34025-----------
-----------tune run 1 task 0-------------
size: (10000, 32, 32, 3), (10000,)
[0.7575 0.    ]
-----------tune run 1 task 1-------------
size: (10000, 32, 32, 3), (10000,)
[0.     0.6775]
-----------tune run 1-----------avg_end_acc 0.33875-----------
-----------tune run 2 task 0-------------
size: (10000, 32, 32, 3), (10000,)
[0.775 0.   ]
-----------tune run 2 task 1-------------
size: (10000, 32, 32, 3), (10000,)
[0.     0.5005]
-----------tune run 2-----------avg_end_acc 0.25025-----------
{'lambda_': 0, 'learning_rate': 0.01, 'weight_decay': 0.0001}
-----------tune run 0 task 0-------------
size: (10000, 32, 32, 3), (10000,)
[0.503 0.   ]
-----------tune run 0 task 1-------------
size: (10000, 32, 32, 3), (10000,)
[0.  0.5]
-----------tune run 0-----------avg_end_acc 0.25-----------
-----------tune run 1 task 0-------------
size: (10000, 32, 32, 3), (10000,)
[0.5165 0.    ]
-----------tune run 1 task 1-------------
size: (10000, 32, 32, 3), (10000,)
[0.     0.5555]
-----------tune run 1-----------avg_end_acc 0.27775-----------
-----------tune run 2 task 0-------------
size: (10000, 32, 32, 3), (10000,)
[0.5 0. ]
-----------tune run 2 task 1-------------
size: (10000, 32, 32, 3), (10000,)
[0.  0.5]
-----------tune run 2-----------avg_end_acc 0.25-----------
{'lambda_': 0, 'learning_rate': 0.01, 'weight_decay': 0.001}
-----------tune run 0 task 0-------------
size: (10000, 32, 32, 3), (10000,)
[0.5 0. ]
-----------tune run 0 task 1-------------
size: (10000, 32, 32, 3), (10000,)
[0.5 0. ]
-----------tune run 0-----------avg_end_acc 0.25-----------
-----------tune run 1 task 0-------------
size: (10000, 32, 32, 3), (10000,)
[0.5 0. ]
-----------tune run 1 task 1-------------
size: (10000, 32, 32, 3), (10000,)
[0.5 0. ]
-----------tune run 1-----------avg_end_acc 0.25-----------
-----------tune run 2 task 0-------------
size: (10000, 32, 32, 3), (10000,)
[0.5 0. ]
-----------tune run 2 task 1-------------
size: (10000, 32, 32, 3), (10000,)
[0.5 0. ]
-----------tune run 2-----------avg_end_acc 0.25-----------
{'lambda_': 0, 'learning_rate': 0.1, 'weight_decay': 0.0001}
-----------tune run 0 task 0-------------
size: (10000, 32, 32, 3), (10000,)
[0.5 0. ]
-----------tune run 0 task 1-------------
size: (10000, 32, 32, 3), (10000,)
[0.5 0. ]
-----------tune run 0-----------avg_end_acc 0.25-----------
-----------tune run 1 task 0-------------
size: (10000, 32, 32, 3), (10000,)
[0.5065 0.    ]
-----------tune run 1 task 1-------------
size: (10000, 32, 32, 3), (10000,)
[0.5 0. ]
-----------tune run 1-----------avg_end_acc 0.25-----------
-----------tune run 2 task 0-------------
size: (10000, 32, 32, 3), (10000,)
[0.5 0. ]
-----------tune run 2 task 1-------------
size: (10000, 32, 32, 3), (10000,)
[0.5 0. ]
-----------tune run 2-----------avg_end_acc 0.25-----------
{'lambda_': 0, 'learning_rate': 0.1, 'weight_decay': 0.001}
-----------tune run 0 task 0-------------
size: (10000, 32, 32, 3), (10000,)
[0.5 0. ]
-----------tune run 0 task 1-------------
size: (10000, 32, 32, 3), (10000,)
[0.5 0. ]
-----------tune run 0-----------avg_end_acc 0.25-----------
-----------tune run 1 task 0-------------
size: (10000, 32, 32, 3), (10000,)
[0.5 0. ]
-----------tune run 1 task 1-------------
size: (10000, 32, 32, 3), (10000,)
[0.5 0. ]
-----------tune run 1-----------avg_end_acc 0.25-----------
-----------tune run 2 task 0-------------
size: (10000, 32, 32, 3), (10000,)
[0.5 0. ]
-----------tune run 2 task 1-------------
size: (10000, 32, 32, 3), (10000,)
[0.5 0. ]
-----------tune run 2-----------avg_end_acc 0.25-----------
{'lambda_': 100, 'learning_rate': 0.0001, 'weight_decay': 0.0001}
-----------tune run 0 task 0-------------
size: (10000, 32, 32, 3), (10000,)
[0.952 0.   ]
-----------tune run 0 task 1-------------
size: (10000, 32, 32, 3), (10000,)
[0.    0.744]
-----------tune run 0-----------avg_end_acc 0.372-----------
-----------tune run 1 task 0-------------
size: (10000, 32, 32, 3), (10000,)
[0.972 0.   ]
-----------tune run 1 task 1-------------
size: (10000, 32, 32, 3), (10000,)
[0.     0.8585]
-----------tune run 1-----------avg_end_acc 0.42925-----------
-----------tune run 2 task 0-------------
size: (10000, 32, 32, 3), (10000,)
[0.9285 0.    ]
-----------tune run 2 task 1-------------
size: (10000, 32, 32, 3), (10000,)
[0.    0.792]
-----------tune run 2-----------avg_end_acc 0.396-----------
{'lambda_': 100, 'learning_rate': 0.0001, 'weight_decay': 0.001}
-----------tune run 0 task 0-------------
size: (10000, 32, 32, 3), (10000,)
[0.9655 0.    ]
-----------tune run 0 task 1-------------
size: (10000, 32, 32, 3), (10000,)
[0.    0.647]
-----------tune run 0-----------avg_end_acc 0.3235-----------
-----------tune run 1 task 0-------------
size: (10000, 32, 32, 3), (10000,)
[0.9075 0.    ]
-----------tune run 1 task 1-------------
size: (10000, 32, 32, 3), (10000,)
[0.    0.813]
-----------tune run 1-----------avg_end_acc 0.4065-----------
-----------tune run 2 task 0-------------
size: (10000, 32, 32, 3), (10000,)
[0.92 0.  ]
-----------tune run 2 task 1-------------
size: (10000, 32, 32, 3), (10000,)
[0.     0.7285]
-----------tune run 2-----------avg_end_acc 0.36425-----------
{'lambda_': 100, 'learning_rate': 0.001, 'weight_decay': 0.0001}
-----------tune run 0 task 0-------------
size: (10000, 32, 32, 3), (10000,)
[0.7705 0.    ]
-----------tune run 0 task 1-------------
size: (10000, 32, 32, 3), (10000,)
[0.     0.6885]
-----------tune run 0-----------avg_end_acc 0.34425-----------
-----------tune run 1 task 0-------------
size: (10000, 32, 32, 3), (10000,)
[0.7365 0.    ]
-----------tune run 1 task 1-------------
size: (10000, 32, 32, 3), (10000,)
[0.    0.673]
-----------tune run 1-----------avg_end_acc 0.3365-----------
-----------tune run 2 task 0-------------
size: (10000, 32, 32, 3), (10000,)
[0.763 0.   ]
-----------tune run 2 task 1-------------
size: (10000, 32, 32, 3), (10000,)
[0.     0.6385]
-----------tune run 2-----------avg_end_acc 0.31925-----------
{'lambda_': 100, 'learning_rate': 0.001, 'weight_decay': 0.001}
-----------tune run 0 task 0-------------
size: (10000, 32, 32, 3), (10000,)
[0.8015 0.    ]
-----------tune run 0 task 1-------------
size: (10000, 32, 32, 3), (10000,)
[0.    0.532]
-----------tune run 0-----------avg_end_acc 0.266-----------
-----------tune run 1 task 0-------------
size: (10000, 32, 32, 3), (10000,)
[0.708 0.   ]
-----------tune run 1 task 1-------------
size: (10000, 32, 32, 3), (10000,)
[0.    0.662]
-----------tune run 1-----------avg_end_acc 0.331-----------
-----------tune run 2 task 0-------------
size: (10000, 32, 32, 3), (10000,)
[0.6895 0.    ]
-----------tune run 2 task 1-------------
size: (10000, 32, 32, 3), (10000,)
[0.     0.5495]
-----------tune run 2-----------avg_end_acc 0.27475-----------
{'lambda_': 100, 'learning_rate': 0.01, 'weight_decay': 0.0001}
-----------tune run 0 task 0-------------
size: (10000, 32, 32, 3), (10000,)
[0.4865 0.    ]
-----------tune run 0 task 1-------------
size: (10000, 32, 32, 3), (10000,)
[0.  0.5]
-----------tune run 0-----------avg_end_acc 0.25-----------
-----------tune run 1 task 0-------------
size: (10000, 32, 32, 3), (10000,)
[0.5 0. ]
-----------tune run 1 task 1-------------
size: (10000, 32, 32, 3), (10000,)
[0.  0.5]
-----------tune run 1-----------avg_end_acc 0.25-----------
-----------tune run 2 task 0-------------
size: (10000, 32, 32, 3), (10000,)
[0.5 0. ]
-----------tune run 2 task 1-------------
size: (10000, 32, 32, 3), (10000,)
[0.5 0. ]
-----------tune run 2-----------avg_end_acc 0.25-----------
{'lambda_': 100, 'learning_rate': 0.01, 'weight_decay': 0.001}
-----------tune run 0 task 0-------------
size: (10000, 32, 32, 3), (10000,)
[0.5 0. ]
-----------tune run 0 task 1-------------
size: (10000, 32, 32, 3), (10000,)
[0.5 0. ]
-----------tune run 0-----------avg_end_acc 0.25-----------
-----------tune run 1 task 0-------------
size: (10000, 32, 32, 3), (10000,)
[0.5 0. ]
-----------tune run 1 task 1-------------
size: (10000, 32, 32, 3), (10000,)
[0.5 0. ]
-----------tune run 1-----------avg_end_acc 0.25-----------
-----------tune run 2 task 0-------------
size: (10000, 32, 32, 3), (10000,)
[0.5 0. ]
-----------tune run 2 task 1-------------
size: (10000, 32, 32, 3), (10000,)
[0.5 0. ]
-----------tune run 2-----------avg_end_acc 0.25-----------
{'lambda_': 100, 'learning_rate': 0.1, 'weight_decay': 0.0001}
-----------tune run 0 task 0-------------
size: (10000, 32, 32, 3), (10000,)
[0.5 0. ]
-----------tune run 0 task 1-------------
size: (10000, 32, 32, 3), (10000,)
[0.5 0. ]
-----------tune run 0-----------avg_end_acc 0.25-----------
-----------tune run 1 task 0-------------
size: (10000, 32, 32, 3), (10000,)
[0.5 0. ]
-----------tune run 1 task 1-------------
size: (10000, 32, 32, 3), (10000,)
[0.5 0. ]
-----------tune run 1-----------avg_end_acc 0.25-----------
-----------tune run 2 task 0-------------
size: (10000, 32, 32, 3), (10000,)
[0.5 0. ]
-----------tune run 2 task 1-------------
size: (10000, 32, 32, 3), (10000,)
[0.5 0. ]
-----------tune run 2-----------avg_end_acc 0.25-----------
{'lambda_': 100, 'learning_rate': 0.1, 'weight_decay': 0.001}
-----------tune run 0 task 0-------------
size: (10000, 32, 32, 3), (10000,)
[0.5 0. ]
-----------tune run 0 task 1-------------
size: (10000, 32, 32, 3), (10000,)
[0.5 0. ]
-----------tune run 0-----------avg_end_acc 0.25-----------
-----------tune run 1 task 0-------------
size: (10000, 32, 32, 3), (10000,)
[0.5 0. ]
-----------tune run 1 task 1-------------
size: (10000, 32, 32, 3), (10000,)
[0.5 0. ]
-----------tune run 1-----------avg_end_acc 0.25-----------
-----------tune run 2 task 0-------------
size: (10000, 32, 32, 3), (10000,)
[0.5 0. ]
-----------tune run 2 task 1-------------
size: (10000, 32, 32, 3), (10000,)
[0.5 0. ]
-----------tune run 2-----------avg_end_acc 0.25-----------
{'lambda_': 1000, 'learning_rate': 0.0001, 'weight_decay': 0.0001}
-----------tune run 0 task 0-------------
size: (10000, 32, 32, 3), (10000,)
[0.973 0.   ]
-----------tune run 0 task 1-------------
size: (10000, 32, 32, 3), (10000,)
[0.     0.8485]
-----------tune run 0-----------avg_end_acc 0.42425-----------
-----------tune run 1 task 0-------------
size: (10000, 32, 32, 3), (10000,)
[0.9105 0.    ]
-----------tune run 1 task 1-------------
size: (10000, 32, 32, 3), (10000,)
[0.    0.834]
-----------tune run 1-----------avg_end_acc 0.417-----------
-----------tune run 2 task 0-------------
size: (10000, 32, 32, 3), (10000,)
[0.947 0.   ]
-----------tune run 2 task 1-------------
size: (10000, 32, 32, 3), (10000,)
[0.    0.795]
-----------tune run 2-----------avg_end_acc 0.3975-----------
{'lambda_': 1000, 'learning_rate': 0.0001, 'weight_decay': 0.001}
-----------tune run 0 task 0-------------
size: (10000, 32, 32, 3), (10000,)
[0.9525 0.    ]
-----------tune run 0 task 1-------------
size: (10000, 32, 32, 3), (10000,)
[0.     0.7345]
-----------tune run 0-----------avg_end_acc 0.36725-----------
-----------tune run 1 task 0-------------
size: (10000, 32, 32, 3), (10000,)
[0.899 0.   ]
-----------tune run 1 task 1-------------
size: (10000, 32, 32, 3), (10000,)
[0.     0.7705]
-----------tune run 1-----------avg_end_acc 0.38525-----------
-----------tune run 2 task 0-------------
size: (10000, 32, 32, 3), (10000,)
[0.9785 0.    ]
-----------tune run 2 task 1-------------
size: (10000, 32, 32, 3), (10000,)
[0.     0.8605]
-----------tune run 2-----------avg_end_acc 0.43025-----------
{'lambda_': 1000, 'learning_rate': 0.001, 'weight_decay': 0.0001}
-----------tune run 0 task 0-------------
size: (10000, 32, 32, 3), (10000,)
[0.7205 0.    ]
-----------tune run 0 task 1-------------
size: (10000, 32, 32, 3), (10000,)
[0.   0.69]
-----------tune run 0-----------avg_end_acc 0.345-----------
-----------tune run 1 task 0-------------
size: (10000, 32, 32, 3), (10000,)
[0.7865 0.    ]
-----------tune run 1 task 1-------------
size: (10000, 32, 32, 3), (10000,)
[0.     0.6965]
-----------tune run 1-----------avg_end_acc 0.34825-----------
-----------tune run 2 task 0-------------
size: (10000, 32, 32, 3), (10000,)
[0.79 0.  ]
-----------tune run 2 task 1-------------
size: (10000, 32, 32, 3), (10000,)
[0.    0.635]
-----------tune run 2-----------avg_end_acc 0.3175-----------
{'lambda_': 1000, 'learning_rate': 0.001, 'weight_decay': 0.001}
-----------tune run 0 task 0-------------
size: (10000, 32, 32, 3), (10000,)
[0.5835 0.    ]
-----------tune run 0 task 1-------------
size: (10000, 32, 32, 3), (10000,)
[0.     0.5995]
-----------tune run 0-----------avg_end_acc 0.29975-----------
-----------tune run 1 task 0-------------
size: (10000, 32, 32, 3), (10000,)
[0.668 0.   ]
-----------tune run 1 task 1-------------
size: (10000, 32, 32, 3), (10000,)
[0.    0.615]
-----------tune run 1-----------avg_end_acc 0.3075-----------
-----------tune run 2 task 0-------------
size: (10000, 32, 32, 3), (10000,)
[0.749 0.   ]
-----------tune run 2 task 1-------------
size: (10000, 32, 32, 3), (10000,)
[0.     0.6685]
-----------tune run 2-----------avg_end_acc 0.33425-----------
{'lambda_': 1000, 'learning_rate': 0.01, 'weight_decay': 0.0001}
-----------tune run 0 task 0-------------
size: (10000, 32, 32, 3), (10000,)
[0.5 0. ]
-----------tune run 0 task 1-------------
size: (10000, 32, 32, 3), (10000,)
[0.     0.5005]
-----------tune run 0-----------avg_end_acc 0.25025-----------
-----------tune run 1 task 0-------------
size: (10000, 32, 32, 3), (10000,)
[0.5 0. ]
-----------tune run 1 task 1-------------
size: (10000, 32, 32, 3), (10000,)
[0.  0.5]
-----------tune run 1-----------avg_end_acc 0.25-----------
-----------tune run 2 task 0-------------
size: (10000, 32, 32, 3), (10000,)
[0.5 0. ]
-----------tune run 2 task 1-------------
size: (10000, 32, 32, 3), (10000,)
[0.  0.5]
-----------tune run 2-----------avg_end_acc 0.25-----------
{'lambda_': 1000, 'learning_rate': 0.01, 'weight_decay': 0.001}
-----------tune run 0 task 0-------------
size: (10000, 32, 32, 3), (10000,)
[0.5 0. ]
-----------tune run 0 task 1-------------
size: (10000, 32, 32, 3), (10000,)
[0.5 0. ]
-----------tune run 0-----------avg_end_acc 0.25-----------
-----------tune run 1 task 0-------------
size: (10000, 32, 32, 3), (10000,)
[0.5 0. ]
-----------tune run 1 task 1-------------
size: (10000, 32, 32, 3), (10000,)
[0.5 0. ]
-----------tune run 1-----------avg_end_acc 0.25-----------
-----------tune run 2 task 0-------------
size: (10000, 32, 32, 3), (10000,)
[0.5 0. ]
-----------tune run 2 task 1-------------
size: (10000, 32, 32, 3), (10000,)
[0.5 0. ]
-----------tune run 2-----------avg_end_acc 0.25-----------
{'lambda_': 1000, 'learning_rate': 0.1, 'weight_decay': 0.0001}
-----------tune run 0 task 0-------------
size: (10000, 32, 32, 3), (10000,)
[0.5 0. ]
-----------tune run 0 task 1-------------
size: (10000, 32, 32, 3), (10000,)
[0.5 0. ]
-----------tune run 0-----------avg_end_acc 0.25-----------
-----------tune run 1 task 0-------------
size: (10000, 32, 32, 3), (10000,)
[0.5105 0.    ]
-----------tune run 1 task 1-------------
size: (10000, 32, 32, 3), (10000,)
[0.5 0. ]
-----------tune run 1-----------avg_end_acc 0.25-----------
-----------tune run 2 task 0-------------
size: (10000, 32, 32, 3), (10000,)
[0.502 0.   ]
-----------tune run 2 task 1-------------
size: (10000, 32, 32, 3), (10000,)
[0.5 0. ]
-----------tune run 2-----------avg_end_acc 0.25-----------
{'lambda_': 1000, 'learning_rate': 0.1, 'weight_decay': 0.001}
-----------tune run 0 task 0-------------
size: (10000, 32, 32, 3), (10000,)
[0.5 0. ]
-----------tune run 0 task 1-------------
size: (10000, 32, 32, 3), (10000,)
[0.5 0. ]
-----------tune run 0-----------avg_end_acc 0.25-----------
-----------tune run 1 task 0-------------
size: (10000, 32, 32, 3), (10000,)
[0.5 0. ]
-----------tune run 1 task 1-------------
size: (10000, 32, 32, 3), (10000,)
[0.5 0. ]
-----------tune run 1-----------avg_end_acc 0.25-----------
-----------tune run 2 task 0-------------
size: (10000, 32, 32, 3), (10000,)
[0.5 0. ]
-----------tune run 2 task 1-------------
size: (10000, 32, 32, 3), (10000,)
[0.5 0. ]
-----------tune run 2-----------avg_end_acc 0.25-----------
Tuning is done. Best hyper parameter set is {'lambda_': 1000, 'learning_rate': 0.0001, 'weight_decay': 0.0001}
Training Start
----------run 2 training batch 2-------------
size: (10000, 32, 32, 3), (10000,)
[0.7235 0.     0.    ]
----------run 2 training batch 3-------------
size: (10000, 32, 32, 3), (10000,)
[0.   0.85 0.  ]
----------run 2 training batch 4-------------
size: (10000, 32, 32, 3), (10000,)
[0.     0.     0.9415]
-----------run 2-----------avg_end_acc 0.31383333333333335-----------train time 25976.864394187927
Task: 0, Labels:[0, 1]
Task: 1, Labels:[2, 3]
Task: 2, Labels:[4, 5]
Task: 3, Labels:[6, 7]
Task: 4, Labels:[8, 9]
24
{'lambda_': 0, 'learning_rate': 0.0001, 'weight_decay': 0.0001}
-----------tune run 0 task 0-------------
size: (10000, 32, 32, 3), (10000,)
[0.975 0.   ]
-----------tune run 0 task 1-------------
size: (10000, 32, 32, 3), (10000,)
[0.    0.819]
-----------tune run 0-----------avg_end_acc 0.4095-----------
-----------tune run 1 task 0-------------
size: (10000, 32, 32, 3), (10000,)
[0.948 0.   ]
-----------tune run 1 task 1-------------
size: (10000, 32, 32, 3), (10000,)
[0.     0.8815]
-----------tune run 1-----------avg_end_acc 0.44075-----------
-----------tune run 2 task 0-------------
size: (10000, 32, 32, 3), (10000,)
[0.9685 0.    ]
-----------tune run 2 task 1-------------
size: (10000, 32, 32, 3), (10000,)
[0.    0.879]
-----------tune run 2-----------avg_end_acc 0.4395-----------
{'lambda_': 0, 'learning_rate': 0.0001, 'weight_decay': 0.001}
-----------tune run 0 task 0-------------
size: (10000, 32, 32, 3), (10000,)
[0.9635 0.    ]
-----------tune run 0 task 1-------------
size: (10000, 32, 32, 3), (10000,)
[0.     0.8055]
-----------tune run 0-----------avg_end_acc 0.40275-----------
-----------tune run 1 task 0-------------
size: (10000, 32, 32, 3), (10000,)
[0.9225 0.    ]
-----------tune run 1 task 1-------------
size: (10000, 32, 32, 3), (10000,)
[0.     0.8185]
-----------tune run 1-----------avg_end_acc 0.40925-----------
-----------tune run 2 task 0-------------
size: (10000, 32, 32, 3), (10000,)
[0.9275 0.    ]
-----------tune run 2 task 1-------------
size: (10000, 32, 32, 3), (10000,)
[0.    0.845]
-----------tune run 2-----------avg_end_acc 0.4225-----------
{'lambda_': 0, 'learning_rate': 0.001, 'weight_decay': 0.0001}
-----------tune run 0 task 0-------------
size: (10000, 32, 32, 3), (10000,)
[0.7255 0.    ]
-----------tune run 0 task 1-------------
size: (10000, 32, 32, 3), (10000,)
[0.    0.648]
-----------tune run 0-----------avg_end_acc 0.324-----------
-----------tune run 1 task 0-------------
size: (10000, 32, 32, 3), (10000,)
[0.706 0.   ]
-----------tune run 1 task 1-------------
size: (10000, 32, 32, 3), (10000,)
[0.     0.6935]
-----------tune run 1-----------avg_end_acc 0.34675-----------
-----------tune run 2 task 0-------------
size: (10000, 32, 32, 3), (10000,)
[0.713 0.   ]
-----------tune run 2 task 1-------------
size: (10000, 32, 32, 3), (10000,)
[0.    0.611]
-----------tune run 2-----------avg_end_acc 0.3055-----------
{'lambda_': 0, 'learning_rate': 0.001, 'weight_decay': 0.001}
-----------tune run 0 task 0-------------
size: (10000, 32, 32, 3), (10000,)
[0.7805 0.    ]
-----------tune run 0 task 1-------------
size: (10000, 32, 32, 3), (10000,)
[0.     0.7135]
-----------tune run 0-----------avg_end_acc 0.35675-----------
-----------tune run 1 task 0-------------
size: (10000, 32, 32, 3), (10000,)
[0.755 0.   ]
-----------tune run 1 task 1-------------
size: (10000, 32, 32, 3), (10000,)
[0.  0.5]
-----------tune run 1-----------avg_end_acc 0.25-----------
-----------tune run 2 task 0-------------
size: (10000, 32, 32, 3), (10000,)
[0.742 0.   ]
-----------tune run 2 task 1-------------
size: (10000, 32, 32, 3), (10000,)
[0.     0.6805]
-----------tune run 2-----------avg_end_acc 0.34025-----------
{'lambda_': 0, 'learning_rate': 0.01, 'weight_decay': 0.0001}
-----------tune run 0 task 0-------------
size: (10000, 32, 32, 3), (10000,)
[0.6725 0.    ]
-----------tune run 0 task 1-------------
size: (10000, 32, 32, 3), (10000,)
[0.5 0. ]
-----------tune run 0-----------avg_end_acc 0.25-----------
-----------tune run 1 task 0-------------
size: (10000, 32, 32, 3), (10000,)
[0.5 0. ]
-----------tune run 1 task 1-------------
size: (10000, 32, 32, 3), (10000,)
[0.  0.5]
-----------tune run 1-----------avg_end_acc 0.25-----------
-----------tune run 2 task 0-------------
size: (10000, 32, 32, 3), (10000,)
[0.6065 0.    ]
-----------tune run 2 task 1-------------
size: (10000, 32, 32, 3), (10000,)
[0.5 0. ]
-----------tune run 2-----------avg_end_acc 0.25-----------
{'lambda_': 0, 'learning_rate': 0.01, 'weight_decay': 0.001}
-----------tune run 0 task 0-------------
size: (10000, 32, 32, 3), (10000,)
[0.5 0. ]
-----------tune run 0 task 1-------------
size: (10000, 32, 32, 3), (10000,)
[0.5 0. ]
-----------tune run 0-----------avg_end_acc 0.25-----------
-----------tune run 1 task 0-------------
size: (10000, 32, 32, 3), (10000,)
[0.5 0. ]
-----------tune run 1 task 1-------------
size: (10000, 32, 32, 3), (10000,)
[0.5 0. ]
-----------tune run 1-----------avg_end_acc 0.25-----------
-----------tune run 2 task 0-------------
size: (10000, 32, 32, 3), (10000,)
[0.5 0. ]
-----------tune run 2 task 1-------------
size: (10000, 32, 32, 3), (10000,)
[0.5 0. ]
-----------tune run 2-----------avg_end_acc 0.25-----------
{'lambda_': 0, 'learning_rate': 0.1, 'weight_decay': 0.0001}
-----------tune run 0 task 0-------------
size: (10000, 32, 32, 3), (10000,)
[0.5 0. ]
-----------tune run 0 task 1-------------
size: (10000, 32, 32, 3), (10000,)
[0.5 0. ]
-----------tune run 0-----------avg_end_acc 0.25-----------
-----------tune run 1 task 0-------------
size: (10000, 32, 32, 3), (10000,)
[0.5 0. ]
-----------tune run 1 task 1-------------
size: (10000, 32, 32, 3), (10000,)
[0.5 0. ]
-----------tune run 1-----------avg_end_acc 0.25-----------
-----------tune run 2 task 0-------------
size: (10000, 32, 32, 3), (10000,)
[0.5205 0.    ]
-----------tune run 2 task 1-------------
size: (10000, 32, 32, 3), (10000,)
[0.5 0. ]
-----------tune run 2-----------avg_end_acc 0.25-----------
{'lambda_': 0, 'learning_rate': 0.1, 'weight_decay': 0.001}
-----------tune run 0 task 0-------------
size: (10000, 32, 32, 3), (10000,)
[0.5 0. ]
-----------tune run 0 task 1-------------
size: (10000, 32, 32, 3), (10000,)
[0.5 0. ]
-----------tune run 0-----------avg_end_acc 0.25-----------
-----------tune run 1 task 0-------------
size: (10000, 32, 32, 3), (10000,)
[0.5 0. ]
-----------tune run 1 task 1-------------
size: (10000, 32, 32, 3), (10000,)
[0.5 0. ]
-----------tune run 1-----------avg_end_acc 0.25-----------
-----------tune run 2 task 0-------------
size: (10000, 32, 32, 3), (10000,)
[0.5 0. ]
-----------tune run 2 task 1-------------
size: (10000, 32, 32, 3), (10000,)
[0.5 0. ]
-----------tune run 2-----------avg_end_acc 0.25-----------
{'lambda_': 100, 'learning_rate': 0.0001, 'weight_decay': 0.0001}
-----------tune run 0 task 0-------------
size: (10000, 32, 32, 3), (10000,)
[0.9255 0.    ]
-----------tune run 0 task 1-------------
size: (10000, 32, 32, 3), (10000,)
[0.     0.8065]
-----------tune run 0-----------avg_end_acc 0.40325-----------
-----------tune run 1 task 0-------------
size: (10000, 32, 32, 3), (10000,)
[0.9685 0.    ]
-----------tune run 1 task 1-------------
size: (10000, 32, 32, 3), (10000,)
[0.    0.862]
-----------tune run 1-----------avg_end_acc 0.431-----------
-----------tune run 2 task 0-------------
size: (10000, 32, 32, 3), (10000,)
[0.973 0.   ]
-----------tune run 2 task 1-------------
size: (10000, 32, 32, 3), (10000,)
[0.     0.6975]
-----------tune run 2-----------avg_end_acc 0.34875-----------
{'lambda_': 100, 'learning_rate': 0.0001, 'weight_decay': 0.001}
-----------tune run 0 task 0-------------
size: (10000, 32, 32, 3), (10000,)
[0.9815 0.    ]
-----------tune run 0 task 1-------------
size: (10000, 32, 32, 3), (10000,)
[0.     0.8225]
-----------tune run 0-----------avg_end_acc 0.41125-----------
-----------tune run 1 task 0-------------
size: (10000, 32, 32, 3), (10000,)
[0.978 0.   ]
-----------tune run 1 task 1-------------
size: (10000, 32, 32, 3), (10000,)
[0.     0.8045]
-----------tune run 1-----------avg_end_acc 0.40225-----------
-----------tune run 2 task 0-------------
size: (10000, 32, 32, 3), (10000,)
[0.963 0.   ]
-----------tune run 2 task 1-------------
size: (10000, 32, 32, 3), (10000,)
[0.   0.85]
-----------tune run 2-----------avg_end_acc 0.425-----------
{'lambda_': 100, 'learning_rate': 0.001, 'weight_decay': 0.0001}
-----------tune run 0 task 0-------------
size: (10000, 32, 32, 3), (10000,)
[0.8015 0.    ]
-----------tune run 0 task 1-------------
size: (10000, 32, 32, 3), (10000,)
[0.    0.701]
-----------tune run 0-----------avg_end_acc 0.3505-----------
-----------tune run 1 task 0-------------
size: (10000, 32, 32, 3), (10000,)
[0.7895 0.    ]
-----------tune run 1 task 1-------------
size: (10000, 32, 32, 3), (10000,)
[0.     0.6715]
-----------tune run 1-----------avg_end_acc 0.33575-----------
-----------tune run 2 task 0-------------
size: (10000, 32, 32, 3), (10000,)
[0.806 0.   ]
-----------tune run 2 task 1-------------
size: (10000, 32, 32, 3), (10000,)
[0.  0.7]
-----------tune run 2-----------avg_end_acc 0.35-----------
{'lambda_': 100, 'learning_rate': 0.001, 'weight_decay': 0.001}
-----------tune run 0 task 0-------------
size: (10000, 32, 32, 3), (10000,)
[0.7825 0.    ]
-----------tune run 0 task 1-------------
size: (10000, 32, 32, 3), (10000,)
[0.  0.5]
-----------tune run 0-----------avg_end_acc 0.25-----------
-----------tune run 1 task 0-------------
size: (10000, 32, 32, 3), (10000,)
[0.499  0.0005]
-----------tune run 1 task 1-------------
size: (10000, 32, 32, 3), (10000,)
[0.  0.5]
-----------tune run 1-----------avg_end_acc 0.25-----------
-----------tune run 2 task 0-------------
size: (10000, 32, 32, 3), (10000,)
[0.7825 0.    ]
-----------tune run 2 task 1-------------
size: (10000, 32, 32, 3), (10000,)
[0.    0.705]
-----------tune run 2-----------avg_end_acc 0.3525-----------
{'lambda_': 100, 'learning_rate': 0.01, 'weight_decay': 0.0001}
-----------tune run 0 task 0-------------
size: (10000, 32, 32, 3), (10000,)
[0.5 0. ]
-----------tune run 0 task 1-------------
size: (10000, 32, 32, 3), (10000,)
[0.     0.5005]
-----------tune run 0-----------avg_end_acc 0.25025-----------
-----------tune run 1 task 0-------------
size: (10000, 32, 32, 3), (10000,)
[0.6375 0.    ]
-----------tune run 1 task 1-------------
size: (10000, 32, 32, 3), (10000,)
[0.    0.531]
-----------tune run 1-----------avg_end_acc 0.2655-----------
-----------tune run 2 task 0-------------
size: (10000, 32, 32, 3), (10000,)
[0.5 0. ]
-----------tune run 2 task 1-------------
size: (10000, 32, 32, 3), (10000,)
[0.     0.5635]
-----------tune run 2-----------avg_end_acc 0.28175-----------
{'lambda_': 100, 'learning_rate': 0.01, 'weight_decay': 0.001}
-----------tune run 0 task 0-------------
size: (10000, 32, 32, 3), (10000,)
[0.5 0. ]
-----------tune run 0 task 1-------------
size: (10000, 32, 32, 3), (10000,)
[0.5 0. ]
-----------tune run 0-----------avg_end_acc 0.25-----------
-----------tune run 1 task 0-------------
size: (10000, 32, 32, 3), (10000,)
[0.5 0. ]
-----------tune run 1 task 1-------------
size: (10000, 32, 32, 3), (10000,)
[0.5 0. ]
-----------tune run 1-----------avg_end_acc 0.25-----------
-----------tune run 2 task 0-------------
size: (10000, 32, 32, 3), (10000,)
[0.5 0. ]
-----------tune run 2 task 1-------------
size: (10000, 32, 32, 3), (10000,)
[0.5 0. ]
-----------tune run 2-----------avg_end_acc 0.25-----------
{'lambda_': 100, 'learning_rate': 0.1, 'weight_decay': 0.0001}
-----------tune run 0 task 0-------------
size: (10000, 32, 32, 3), (10000,)
[0.5 0. ]
-----------tune run 0 task 1-------------
size: (10000, 32, 32, 3), (10000,)
[0.5 0. ]
-----------tune run 0-----------avg_end_acc 0.25-----------
-----------tune run 1 task 0-------------
size: (10000, 32, 32, 3), (10000,)
[0.5 0. ]
-----------tune run 1 task 1-------------
size: (10000, 32, 32, 3), (10000,)
[0.5 0. ]
-----------tune run 1-----------avg_end_acc 0.25-----------
-----------tune run 2 task 0-------------
size: (10000, 32, 32, 3), (10000,)
[0.5 0. ]
-----------tune run 2 task 1-------------
size: (10000, 32, 32, 3), (10000,)
[0.5 0. ]
-----------tune run 2-----------avg_end_acc 0.25-----------
{'lambda_': 100, 'learning_rate': 0.1, 'weight_decay': 0.001}
-----------tune run 0 task 0-------------
size: (10000, 32, 32, 3), (10000,)
[0.5 0. ]
-----------tune run 0 task 1-------------
size: (10000, 32, 32, 3), (10000,)
[0.5 0. ]
-----------tune run 0-----------avg_end_acc 0.25-----------
-----------tune run 1 task 0-------------
size: (10000, 32, 32, 3), (10000,)
[0.5 0. ]
-----------tune run 1 task 1-------------
size: (10000, 32, 32, 3), (10000,)
[0.5 0. ]
-----------tune run 1-----------avg_end_acc 0.25-----------
-----------tune run 2 task 0-------------
size: (10000, 32, 32, 3), (10000,)
[0.5 0. ]
-----------tune run 2 task 1-------------
size: (10000, 32, 32, 3), (10000,)
[0.5 0. ]
-----------tune run 2-----------avg_end_acc 0.25-----------
{'lambda_': 1000, 'learning_rate': 0.0001, 'weight_decay': 0.0001}
-----------tune run 0 task 0-------------
size: (10000, 32, 32, 3), (10000,)
[0.956 0.   ]
-----------tune run 0 task 1-------------
size: (10000, 32, 32, 3), (10000,)
[0.     0.8785]
-----------tune run 0-----------avg_end_acc 0.43925-----------
-----------tune run 1 task 0-------------
size: (10000, 32, 32, 3), (10000,)
[0.944 0.   ]
-----------tune run 1 task 1-------------
size: (10000, 32, 32, 3), (10000,)
[0.     0.8835]
-----------tune run 1-----------avg_end_acc 0.44175-----------
-----------tune run 2 task 0-------------
size: (10000, 32, 32, 3), (10000,)
[0.9305 0.    ]
-----------tune run 2 task 1-------------
size: (10000, 32, 32, 3), (10000,)
[0.     0.7855]
-----------tune run 2-----------avg_end_acc 0.39275-----------
{'lambda_': 1000, 'learning_rate': 0.0001, 'weight_decay': 0.001}
-----------tune run 0 task 0-------------
size: (10000, 32, 32, 3), (10000,)
[0.983 0.   ]
-----------tune run 0 task 1-------------
size: (10000, 32, 32, 3), (10000,)
[0.     0.7605]
-----------tune run 0-----------avg_end_acc 0.38025-----------
-----------tune run 1 task 0-------------
size: (10000, 32, 32, 3), (10000,)
[0.9465 0.    ]
-----------tune run 1 task 1-------------
size: (10000, 32, 32, 3), (10000,)
[0.     0.7995]
-----------tune run 1-----------avg_end_acc 0.39975-----------
-----------tune run 2 task 0-------------
size: (10000, 32, 32, 3), (10000,)
[0.978 0.   ]
-----------tune run 2 task 1-------------
size: (10000, 32, 32, 3), (10000,)
[0.     0.7965]
-----------tune run 2-----------avg_end_acc 0.39825-----------
{'lambda_': 1000, 'learning_rate': 0.001, 'weight_decay': 0.0001}
-----------tune run 0 task 0-------------
size: (10000, 32, 32, 3), (10000,)
[0.6815 0.    ]
-----------tune run 0 task 1-------------
size: (10000, 32, 32, 3), (10000,)
[0.    0.706]
-----------tune run 0-----------avg_end_acc 0.353-----------
-----------tune run 1 task 0-------------
size: (10000, 32, 32, 3), (10000,)
[0.77 0.  ]
-----------tune run 1 task 1-------------
size: (10000, 32, 32, 3), (10000,)
[0.   0.67]
-----------tune run 1-----------avg_end_acc 0.335-----------
-----------tune run 2 task 0-------------
size: (10000, 32, 32, 3), (10000,)
[0.761 0.   ]
-----------tune run 2 task 1-------------
size: (10000, 32, 32, 3), (10000,)
[0.     0.6525]
-----------tune run 2-----------avg_end_acc 0.32625-----------
{'lambda_': 1000, 'learning_rate': 0.001, 'weight_decay': 0.001}
-----------tune run 0 task 0-------------
size: (10000, 32, 32, 3), (10000,)
[0.745 0.   ]
-----------tune run 0 task 1-------------
size: (10000, 32, 32, 3), (10000,)
[0.    0.672]
-----------tune run 0-----------avg_end_acc 0.336-----------
-----------tune run 1 task 0-------------
size: (10000, 32, 32, 3), (10000,)
[0.7435 0.    ]
-----------tune run 1 task 1-------------
size: (10000, 32, 32, 3), (10000,)
[0.    0.666]
-----------tune run 1-----------avg_end_acc 0.333-----------
-----------tune run 2 task 0-------------
size: (10000, 32, 32, 3), (10000,)
[0.7905 0.    ]
-----------tune run 2 task 1-------------
size: (10000, 32, 32, 3), (10000,)
[0.    0.709]
-----------tune run 2-----------avg_end_acc 0.3545-----------
{'lambda_': 1000, 'learning_rate': 0.01, 'weight_decay': 0.0001}
-----------tune run 0 task 0-------------
size: (10000, 32, 32, 3), (10000,)
[0.5 0. ]
-----------tune run 0 task 1-------------
size: (10000, 32, 32, 3), (10000,)
[0.   0.51]
-----------tune run 0-----------avg_end_acc 0.255-----------
-----------tune run 1 task 0-------------
size: (10000, 32, 32, 3), (10000,)
[0.5 0. ]
-----------tune run 1 task 1-------------
size: (10000, 32, 32, 3), (10000,)
[0.002  0.4985]
-----------tune run 1-----------avg_end_acc 0.25025-----------
-----------tune run 2 task 0-------------
size: (10000, 32, 32, 3), (10000,)
[0.5 0. ]
-----------tune run 2 task 1-------------
size: (10000, 32, 32, 3), (10000,)
[0.5 0. ]
-----------tune run 2-----------avg_end_acc 0.25-----------
{'lambda_': 1000, 'learning_rate': 0.01, 'weight_decay': 0.001}
-----------tune run 0 task 0-------------
size: (10000, 32, 32, 3), (10000,)
[0.5 0. ]
-----------tune run 0 task 1-------------
size: (10000, 32, 32, 3), (10000,)
[0.5 0. ]
-----------tune run 0-----------avg_end_acc 0.25-----------
-----------tune run 1 task 0-------------
size: (10000, 32, 32, 3), (10000,)
[0.5 0. ]
-----------tune run 1 task 1-------------
size: (10000, 32, 32, 3), (10000,)
[0.5 0. ]
-----------tune run 1-----------avg_end_acc 0.25-----------
-----------tune run 2 task 0-------------
size: (10000, 32, 32, 3), (10000,)
[0.503 0.   ]
-----------tune run 2 task 1-------------
size: (10000, 32, 32, 3), (10000,)
[0.5 0. ]
-----------tune run 2-----------avg_end_acc 0.25-----------
{'lambda_': 1000, 'learning_rate': 0.1, 'weight_decay': 0.0001}
-----------tune run 0 task 0-------------
size: (10000, 32, 32, 3), (10000,)
[0.4955 0.    ]
-----------tune run 0 task 1-------------
size: (10000, 32, 32, 3), (10000,)
[0.5 0. ]
-----------tune run 0-----------avg_end_acc 0.25-----------
-----------tune run 1 task 0-------------
size: (10000, 32, 32, 3), (10000,)
[0.5 0. ]
-----------tune run 1 task 1-------------
size: (10000, 32, 32, 3), (10000,)
[0.5 0. ]
-----------tune run 1-----------avg_end_acc 0.25-----------
-----------tune run 2 task 0-------------
size: (10000, 32, 32, 3), (10000,)
[0.5 0. ]
-----------tune run 2 task 1-------------
size: (10000, 32, 32, 3), (10000,)
[0.5 0. ]
-----------tune run 2-----------avg_end_acc 0.25-----------
{'lambda_': 1000, 'learning_rate': 0.1, 'weight_decay': 0.001}
-----------tune run 0 task 0-------------
size: (10000, 32, 32, 3), (10000,)
[0.5 0. ]
-----------tune run 0 task 1-------------
size: (10000, 32, 32, 3), (10000,)
[0.5 0. ]
-----------tune run 0-----------avg_end_acc 0.25-----------
-----------tune run 1 task 0-------------
size: (10000, 32, 32, 3), (10000,)
[0.5 0. ]
-----------tune run 1 task 1-------------
size: (10000, 32, 32, 3), (10000,)
[0.5 0. ]
-----------tune run 1-----------avg_end_acc 0.25-----------
-----------tune run 2 task 0-------------
size: (10000, 32, 32, 3), (10000,)
[0.5 0. ]
-----------tune run 2 task 1-------------
size: (10000, 32, 32, 3), (10000,)
[0.5 0. ]
-----------tune run 2-----------avg_end_acc 0.25-----------
Tuning is done. Best hyper parameter set is {'lambda_': 0, 'learning_rate': 0.0001, 'weight_decay': 0.0001}
Training Start
----------run 3 training batch 2-------------
size: (10000, 32, 32, 3), (10000,)
[0.852 0.    0.   ]
----------run 3 training batch 3-------------
size: (10000, 32, 32, 3), (10000,)
[0.     0.9475 0.    ]
----------run 3 training batch 4-------------
size: (10000, 32, 32, 3), (10000,)
[0.     0.     0.9005]
-----------run 3-----------avg_end_acc 0.30016666666666664-----------train time 22047.544693231583
Task: 0, Labels:[0, 1]
Task: 1, Labels:[2, 3]
Task: 2, Labels:[4, 5]
Task: 3, Labels:[6, 7]
Task: 4, Labels:[8, 9]
24
{'lambda_': 0, 'learning_rate': 0.0001, 'weight_decay': 0.0001}
-----------tune run 0 task 0-------------
size: (10000, 32, 32, 3), (10000,)
[0.9145 0.    ]
-----------tune run 0 task 1-------------
size: (10000, 32, 32, 3), (10000,)
[0.     0.8275]
-----------tune run 0-----------avg_end_acc 0.41375-----------
-----------tune run 1 task 0-------------
size: (10000, 32, 32, 3), (10000,)
[0.9225 0.    ]
-----------tune run 1 task 1-------------
size: (10000, 32, 32, 3), (10000,)
[0.     0.7875]
-----------tune run 1-----------avg_end_acc 0.39375-----------
-----------tune run 2 task 0-------------
size: (10000, 32, 32, 3), (10000,)
[0.957 0.   ]
-----------tune run 2 task 1-------------
size: (10000, 32, 32, 3), (10000,)
[0.     0.8615]
-----------tune run 2-----------avg_end_acc 0.43075-----------
{'lambda_': 0, 'learning_rate': 0.0001, 'weight_decay': 0.001}
-----------tune run 0 task 0-------------
size: (10000, 32, 32, 3), (10000,)
[0.921 0.   ]
-----------tune run 0 task 1-------------
size: (10000, 32, 32, 3), (10000,)
[0.    0.822]
-----------tune run 0-----------avg_end_acc 0.411-----------
-----------tune run 1 task 0-------------
size: (10000, 32, 32, 3), (10000,)
[0.973 0.   ]
-----------tune run 1 task 1-------------
size: (10000, 32, 32, 3), (10000,)
[0.     0.8725]
-----------tune run 1-----------avg_end_acc 0.43625-----------
-----------tune run 2 task 0-------------
size: (10000, 32, 32, 3), (10000,)
[0.975 0.   ]
-----------tune run 2 task 1-------------
size: (10000, 32, 32, 3), (10000,)
[0.     0.8375]
-----------tune run 2-----------avg_end_acc 0.41875-----------
{'lambda_': 0, 'learning_rate': 0.001, 'weight_decay': 0.0001}
-----------tune run 0 task 0-------------
size: (10000, 32, 32, 3), (10000,)
[0.7605 0.    ]
-----------tune run 0 task 1-------------
size: (10000, 32, 32, 3), (10000,)
[0.   0.64]
-----------tune run 0-----------avg_end_acc 0.32-----------
-----------tune run 1 task 0-------------
size: (10000, 32, 32, 3), (10000,)
[0.7215 0.    ]
-----------tune run 1 task 1-------------
size: (10000, 32, 32, 3), (10000,)
[0.    0.694]
-----------tune run 1-----------avg_end_acc 0.347-----------
-----------tune run 2 task 0-------------
size: (10000, 32, 32, 3), (10000,)
[0.794 0.   ]
-----------tune run 2 task 1-------------
size: (10000, 32, 32, 3), (10000,)
[0.    0.692]
-----------tune run 2-----------avg_end_acc 0.346-----------
{'lambda_': 0, 'learning_rate': 0.001, 'weight_decay': 0.001}
-----------tune run 0 task 0-------------
size: (10000, 32, 32, 3), (10000,)
[0.7305 0.    ]
-----------tune run 0 task 1-------------
size: (10000, 32, 32, 3), (10000,)
[0.  0.5]
-----------tune run 0-----------avg_end_acc 0.25-----------
-----------tune run 1 task 0-------------
size: (10000, 32, 32, 3), (10000,)
[0.7765 0.    ]
-----------tune run 1 task 1-------------
size: (10000, 32, 32, 3), (10000,)
[0.     0.6635]
-----------tune run 1-----------avg_end_acc 0.33175-----------
-----------tune run 2 task 0-------------
size: (10000, 32, 32, 3), (10000,)
[0.753 0.   ]
-----------tune run 2 task 1-------------
size: (10000, 32, 32, 3), (10000,)
[0.     0.6715]
-----------tune run 2-----------avg_end_acc 0.33575-----------
{'lambda_': 0, 'learning_rate': 0.01, 'weight_decay': 0.0001}
-----------tune run 0 task 0-------------
size: (10000, 32, 32, 3), (10000,)
[0.5 0. ]
-----------tune run 0 task 1-------------
size: (10000, 32, 32, 3), (10000,)
[0.5 0. ]
-----------tune run 0-----------avg_end_acc 0.25-----------
-----------tune run 1 task 0-------------
size: (10000, 32, 32, 3), (10000,)
[0.5 0. ]
-----------tune run 1 task 1-------------
size: (10000, 32, 32, 3), (10000,)
[0.5 0. ]
-----------tune run 1-----------avg_end_acc 0.25-----------
-----------tune run 2 task 0-------------
size: (10000, 32, 32, 3), (10000,)
[0.5 0. ]
-----------tune run 2 task 1-------------
size: (10000, 32, 32, 3), (10000,)
[0.  0.5]
-----------tune run 2-----------avg_end_acc 0.25-----------
{'lambda_': 0, 'learning_rate': 0.01, 'weight_decay': 0.001}
-----------tune run 0 task 0-------------
size: (10000, 32, 32, 3), (10000,)
[0.5 0. ]
-----------tune run 0 task 1-------------
size: (10000, 32, 32, 3), (10000,)
[0.5 0. ]
-----------tune run 0-----------avg_end_acc 0.25-----------
-----------tune run 1 task 0-------------
size: (10000, 32, 32, 3), (10000,)
[0.5 0. ]
-----------tune run 1 task 1-------------
size: (10000, 32, 32, 3), (10000,)
[0.5 0. ]
-----------tune run 1-----------avg_end_acc 0.25-----------
-----------tune run 2 task 0-------------
size: (10000, 32, 32, 3), (10000,)
[0.5 0. ]
-----------tune run 2 task 1-------------
size: (10000, 32, 32, 3), (10000,)
[0.5 0. ]
-----------tune run 2-----------avg_end_acc 0.25-----------
{'lambda_': 0, 'learning_rate': 0.1, 'weight_decay': 0.0001}
-----------tune run 0 task 0-------------
size: (10000, 32, 32, 3), (10000,)
[0.5 0. ]
-----------tune run 0 task 1-------------
size: (10000, 32, 32, 3), (10000,)
[0.5 0. ]
-----------tune run 0-----------avg_end_acc 0.25-----------
-----------tune run 1 task 0-------------
size: (10000, 32, 32, 3), (10000,)
[0.4995 0.    ]
-----------tune run 1 task 1-------------
size: (10000, 32, 32, 3), (10000,)
[0.5 0. ]
-----------tune run 1-----------avg_end_acc 0.25-----------
-----------tune run 2 task 0-------------
size: (10000, 32, 32, 3), (10000,)
[0.5 0. ]
-----------tune run 2 task 1-------------
size: (10000, 32, 32, 3), (10000,)
[0.5 0. ]
-----------tune run 2-----------avg_end_acc 0.25-----------
{'lambda_': 0, 'learning_rate': 0.1, 'weight_decay': 0.001}
-----------tune run 0 task 0-------------
size: (10000, 32, 32, 3), (10000,)
[0.5 0. ]
-----------tune run 0 task 1-------------
size: (10000, 32, 32, 3), (10000,)
[0.5 0. ]
-----------tune run 0-----------avg_end_acc 0.25-----------
-----------tune run 1 task 0-------------
size: (10000, 32, 32, 3), (10000,)
[0.5 0. ]
-----------tune run 1 task 1-------------
size: (10000, 32, 32, 3), (10000,)
[0.5 0. ]
-----------tune run 1-----------avg_end_acc 0.25-----------
-----------tune run 2 task 0-------------
size: (10000, 32, 32, 3), (10000,)
[0.5 0. ]
-----------tune run 2 task 1-------------
size: (10000, 32, 32, 3), (10000,)
[0.5 0. ]
-----------tune run 2-----------avg_end_acc 0.25-----------
{'lambda_': 100, 'learning_rate': 0.0001, 'weight_decay': 0.0001}
-----------tune run 0 task 0-------------
size: (10000, 32, 32, 3), (10000,)
[0.952 0.   ]
-----------tune run 0 task 1-------------
size: (10000, 32, 32, 3), (10000,)
[0.     0.8615]
-----------tune run 0-----------avg_end_acc 0.43075-----------
-----------tune run 1 task 0-------------
size: (10000, 32, 32, 3), (10000,)
[0.946 0.   ]
-----------tune run 1 task 1-------------
size: (10000, 32, 32, 3), (10000,)
[0.     0.8605]
-----------tune run 1-----------avg_end_acc 0.43025-----------
-----------tune run 2 task 0-------------
size: (10000, 32, 32, 3), (10000,)
[0.8905 0.    ]
-----------tune run 2 task 1-------------
size: (10000, 32, 32, 3), (10000,)
[0.     0.8285]
-----------tune run 2-----------avg_end_acc 0.41425-----------
{'lambda_': 100, 'learning_rate': 0.0001, 'weight_decay': 0.001}
-----------tune run 0 task 0-------------
size: (10000, 32, 32, 3), (10000,)
[0.9505 0.    ]
-----------tune run 0 task 1-------------
size: (10000, 32, 32, 3), (10000,)
[0.    0.802]
-----------tune run 0-----------avg_end_acc 0.401-----------
-----------tune run 1 task 0-------------
size: (10000, 32, 32, 3), (10000,)
[0.9705 0.    ]
-----------tune run 1 task 1-------------
size: (10000, 32, 32, 3), (10000,)
[0.     0.8445]
-----------tune run 1-----------avg_end_acc 0.42225-----------
-----------tune run 2 task 0-------------
size: (10000, 32, 32, 3), (10000,)
[0.9545 0.    ]
-----------tune run 2 task 1-------------
size: (10000, 32, 32, 3), (10000,)
[0.     0.8375]
-----------tune run 2-----------avg_end_acc 0.41875-----------
{'lambda_': 100, 'learning_rate': 0.001, 'weight_decay': 0.0001}
-----------tune run 0 task 0-------------
size: (10000, 32, 32, 3), (10000,)
[0.7615 0.    ]
-----------tune run 0 task 1-------------
size: (10000, 32, 32, 3), (10000,)
[0.    0.511]
-----------tune run 0-----------avg_end_acc 0.2555-----------
-----------tune run 1 task 0-------------
size: (10000, 32, 32, 3), (10000,)
[0.786 0.   ]
-----------tune run 1 task 1-------------
size: (10000, 32, 32, 3), (10000,)
[0.    0.554]
-----------tune run 1-----------avg_end_acc 0.277-----------
-----------tune run 2 task 0-------------
size: (10000, 32, 32, 3), (10000,)
[0.781 0.   ]
-----------tune run 2 task 1-------------
size: (10000, 32, 32, 3), (10000,)
[0.    0.648]
-----------tune run 2-----------avg_end_acc 0.324-----------
{'lambda_': 100, 'learning_rate': 0.001, 'weight_decay': 0.001}
-----------tune run 0 task 0-------------
size: (10000, 32, 32, 3), (10000,)
[0.7405 0.    ]
-----------tune run 0 task 1-------------
size: (10000, 32, 32, 3), (10000,)
[0.  0.5]
-----------tune run 0-----------avg_end_acc 0.25-----------
-----------tune run 1 task 0-------------
size: (10000, 32, 32, 3), (10000,)
[0.791 0.004]
-----------tune run 1 task 1-------------
size: (10000, 32, 32, 3), (10000,)
[0.     0.5875]
-----------tune run 1-----------avg_end_acc 0.29375-----------
-----------tune run 2 task 0-------------
size: (10000, 32, 32, 3), (10000,)
[0.644 0.   ]
-----------tune run 2 task 1-------------
size: (10000, 32, 32, 3), (10000,)
[0.     0.6125]
-----------tune run 2-----------avg_end_acc 0.30625-----------
{'lambda_': 100, 'learning_rate': 0.01, 'weight_decay': 0.0001}
-----------tune run 0 task 0-------------
size: (10000, 32, 32, 3), (10000,)
[0.4995 0.    ]
-----------tune run 0 task 1-------------
size: (10000, 32, 32, 3), (10000,)
[0.  0.5]
-----------tune run 0-----------avg_end_acc 0.25-----------
-----------tune run 1 task 0-------------
size: (10000, 32, 32, 3), (10000,)
[0.5 0. ]
-----------tune run 1 task 1-------------
size: (10000, 32, 32, 3), (10000,)
[0.5 0. ]
-----------tune run 1-----------avg_end_acc 0.25-----------
-----------tune run 2 task 0-------------
size: (10000, 32, 32, 3), (10000,)
[0.5 0. ]
-----------tune run 2 task 1-------------
size: (10000, 32, 32, 3), (10000,)
[0.001 0.5  ]
-----------tune run 2-----------avg_end_acc 0.2505-----------
{'lambda_': 100, 'learning_rate': 0.01, 'weight_decay': 0.001}
-----------tune run 0 task 0-------------
size: (10000, 32, 32, 3), (10000,)
[0.5 0. ]
-----------tune run 0 task 1-------------
size: (10000, 32, 32, 3), (10000,)
[0.5 0. ]
-----------tune run 0-----------avg_end_acc 0.25-----------
-----------tune run 1 task 0-------------
size: (10000, 32, 32, 3), (10000,)
[0.5 0. ]
-----------tune run 1 task 1-------------
size: (10000, 32, 32, 3), (10000,)
[0.5 0. ]
-----------tune run 1-----------avg_end_acc 0.25-----------
-----------tune run 2 task 0-------------
size: (10000, 32, 32, 3), (10000,)
[0.5 0. ]
-----------tune run 2 task 1-------------
size: (10000, 32, 32, 3), (10000,)
[0.5 0. ]
